2019-07-15 15:10:47 -  - exec CUpdateClientPartner::GetUpdatesList
2019-07-15 15:10:47 -  - exec CUpdateClientPartner::__CollectRequestData
2019-07-15 15:10:47 -  - utf=Y&lang=ru&stable=Y&CANGZIP=Y&SUPD_DBS=MYSQL&XE=N&CLIENT_SITE=192.168.1.183&LICENSE_KEY=X&SUPD_STS=4&SUPD_URS=0&SUPD_URSA=1&TYPENC=D&CLIENT_PHPVER=7.1.30&NGINX=Y&dbv=5.7.26&instm=main%2C18.5.180%2CY%3Bb24connector%2C18.5.0%2CN%3Bbitrix.sitecorporate%2C15.5.0%2CN%3Bbitrix.siteinfoportal%2C15.5.0%2CN%3Bbitrix.sitepersonal%2C15.5.0%2CN%3Bbitrixcloud%2C18.5.0%2CN%3Bblog%2C18.1.0%2CN%3Bclouds%2C18.0.0%2CN%3Bcompression%2C16.0.0%2CN%3Bfileman%2C18.5.400%2CN%3Bform%2C18.0.0%2CN%3Bforum%2C18.0.5%2CN%3Bhighloadblock%2C18.5.100%2CN%3Biblock%2C18.6.400%2CN%3Blanding%2C18.6.75%2CN%3Bmessageservice%2C18.0.3%2CN%3Bmobileapp%2C18.5.100%2CN%3Bperfmon%2C18.5.0%2CN%3Bphotogallery%2C18.0.0%2CN%3Brest%2C18.5.7%2CN%3Bscale%2C17.5.0%2CN%3Bsearch%2C18.5.200%2CN%3Bsecurity%2C18.5.1%2CN%3Bseo%2C18.6.100%2CN%3Bsocialservices%2C18.5.100%2CN%3Bsubscribe%2C18.5.0%2CN%3Btranslate%2C18.0.0%2CN%3Bui%2C18.5.150%2CN%3Bvote%2C17.5.1%2CN&reqm=bitrix.sitecorporate%2Cbitrix.siteinfoportal%2Cbitrix.sitepersonal&fullmoduleinfo=Y&SUPD_SRS=RU&SUPD_CMP=N
2019-07-15 15:10:47 -  - exec CUpdateClientPartner::GetHTTPPage
2019-07-15 15:10:47 -  - TIME GetUpdatesList(request) 0.281 sec
2019-07-15 15:10:47 -  - exec CUpdateClientPartner::ParseServerData
2019-07-26 14:49:05 -  - exec CUpdateClientPartner::GetUpdatesList
2019-07-26 14:49:05 -  - exec CUpdateClientPartner::__CollectRequestData
2019-07-26 14:49:05 -  - utf=Y&lang=ru&stable=Y&CANGZIP=Y&SUPD_DBS=MYSQL&XE=N&CLIENT_SITE=192.168.1.183&LICENSE_KEY=X&SUPD_STS=1&SUPD_URS=0&SUPD_URSA=3&TYPENC=D&CLIENT_PHPVER=7.1.30&NGINX=Y&dbv=5.7.26&instm=main%2C18.5.180%2CY%3Bb24connector%2C18.5.0%2CN%3Bbitrix.sitecorporate%2C15.5.0%2CN%3Bbitrix.siteinfoportal%2C15.5.0%2CN%3Bbitrix.sitepersonal%2C15.5.0%2CN%3Bbitrixcloud%2C18.5.0%2CN%3Bblog%2C18.1.0%2CN%3Bclouds%2C18.0.0%2CN%3Bcompression%2C16.0.0%2CN%3Bfileman%2C18.5.400%2CN%3Bform%2C18.0.0%2CN%3Bforum%2C18.0.5%2CN%3Bhighloadblock%2C18.5.100%2CN%3Biblock%2C18.6.400%2CN%3Blanding%2C18.6.75%2CN%3Bmessageservice%2C18.0.3%2CN%3Bmobileapp%2C18.5.100%2CN%3Bperfmon%2C18.5.0%2CN%3Bphotogallery%2C18.0.0%2CN%3Brest%2C18.5.7%2CN%3Bscale%2C17.5.0%2CN%3Bsearch%2C18.5.200%2CN%3Bsecurity%2C18.5.1%2CN%3Bseo%2C18.6.100%2CN%3Bsocialservices%2C18.5.100%2CN%3Bsubscribe%2C18.5.0%2CN%3Btranslate%2C18.0.0%2CN%3Bui%2C18.5.150%2CN%3Bvote%2C17.5.1%2CN%3Bacademy.orm13%2C1.0.0%2CN&reqm=bitrix.sitecorporate%2Cbitrix.siteinfoportal%2Cbitrix.sitepersonal%2Cacademy.orm13&fullmoduleinfo=Y&SUPD_SRS=RU&SUPD_CMP=N
2019-07-26 14:49:05 -  - exec CUpdateClientPartner::GetHTTPPage
2019-07-26 14:49:05 -  - TIME GetUpdatesList(request) 0.258 sec
2019-07-26 14:49:05 -  - exec CUpdateClientPartner::ParseServerData
2019-07-26 14:49:11 -  - exec CUpdateClientPartner::GetUpdatesList
2019-07-26 14:49:11 -  - exec CUpdateClientPartner::__CollectRequestData
2019-07-26 14:49:11 -  - utf=Y&lang=ru&stable=Y&CANGZIP=Y&SUPD_DBS=MYSQL&XE=N&CLIENT_SITE=192.168.1.183&LICENSE_KEY=X&SUPD_STS=1&SUPD_URS=0&SUPD_URSA=3&TYPENC=D&CLIENT_PHPVER=7.1.30&NGINX=Y&dbv=5.7.26&instm=main%2C18.5.180%2CY%3Bb24connector%2C18.5.0%2CN%3Bbitrix.sitecorporate%2C15.5.0%2CN%3Bbitrix.siteinfoportal%2C15.5.0%2CN%3Bbitrix.sitepersonal%2C15.5.0%2CN%3Bbitrixcloud%2C18.5.0%2CN%3Bblog%2C18.1.0%2CN%3Bclouds%2C18.0.0%2CN%3Bcompression%2C16.0.0%2CN%3Bfileman%2C18.5.400%2CN%3Bform%2C18.0.0%2CN%3Bforum%2C18.0.5%2CN%3Bhighloadblock%2C18.5.100%2CN%3Biblock%2C18.6.400%2CN%3Blanding%2C18.6.75%2CN%3Bmessageservice%2C18.0.3%2CN%3Bmobileapp%2C18.5.100%2CN%3Bperfmon%2C18.5.0%2CN%3Bphotogallery%2C18.0.0%2CN%3Brest%2C18.5.7%2CN%3Bscale%2C17.5.0%2CN%3Bsearch%2C18.5.200%2CN%3Bsecurity%2C18.5.1%2CN%3Bseo%2C18.6.100%2CN%3Bsocialservices%2C18.5.100%2CN%3Bsubscribe%2C18.5.0%2CN%3Btranslate%2C18.0.0%2CN%3Bui%2C18.5.150%2CN%3Bvote%2C17.5.1%2CN%3Bacademy.orm13%2C1.0.0%2CN&reqm=bitrix.sitecorporate%2Cbitrix.siteinfoportal%2Cbitrix.sitepersonal%2Cacademy.orm13&SUPD_SRS=RU&SUPD_CMP=N
2019-07-26 14:49:11 -  - exec CUpdateClientPartner::GetHTTPPage
2019-07-26 14:49:11 -  - TIME GetUpdatesList(request) 0.245 sec
2019-07-26 14:49:11 -  - exec CUpdateClientPartner::ParseServerData
2019-07-26 14:49:16 -  - exec CUpdateClientPartner::GetUpdatesList
2019-07-26 14:49:16 -  - exec CUpdateClientPartner::__CollectRequestData
2019-07-26 14:49:16 -  - utf=Y&lang=ru&stable=Y&CANGZIP=Y&SUPD_DBS=MYSQL&XE=N&CLIENT_SITE=192.168.1.183&LICENSE_KEY=X&SUPD_STS=1&SUPD_URS=0&SUPD_URSA=3&TYPENC=D&CLIENT_PHPVER=7.1.30&NGINX=Y&dbv=5.7.26&instm=main%2C18.5.180%2CY%3Bb24connector%2C18.5.0%2CN%3Bbitrix.sitecorporate%2C15.5.0%2CN%3Bbitrix.siteinfoportal%2C15.5.0%2CN%3Bbitrix.sitepersonal%2C15.5.0%2CN%3Bbitrixcloud%2C18.5.0%2CN%3Bblog%2C18.1.0%2CN%3Bclouds%2C18.0.0%2CN%3Bcompression%2C16.0.0%2CN%3Bfileman%2C18.5.400%2CN%3Bform%2C18.0.0%2CN%3Bforum%2C18.0.5%2CN%3Bhighloadblock%2C18.5.100%2CN%3Biblock%2C18.6.400%2CN%3Blanding%2C18.6.75%2CN%3Bmessageservice%2C18.0.3%2CN%3Bmobileapp%2C18.5.100%2CN%3Bperfmon%2C18.5.0%2CN%3Bphotogallery%2C18.0.0%2CN%3Brest%2C18.5.7%2CN%3Bscale%2C17.5.0%2CN%3Bsearch%2C18.5.200%2CN%3Bsecurity%2C18.5.1%2CN%3Bseo%2C18.6.100%2CN%3Bsocialservices%2C18.5.100%2CN%3Bsubscribe%2C18.5.0%2CN%3Btranslate%2C18.0.0%2CN%3Bui%2C18.5.150%2CN%3Bvote%2C17.5.1%2CN%3Bacademy.orm13%2C1.0.0%2CN&reqm=bitrix.sitecorporate%2Cbitrix.siteinfoportal%2Cbitrix.sitepersonal%2Cacademy.orm13&SUPD_SRS=RU&SUPD_CMP=N
2019-07-26 14:49:16 -  - exec CUpdateClientPartner::GetHTTPPage
2019-07-26 14:49:16 -  - TIME GetUpdatesList(request) 0.196 sec
2019-07-26 14:49:16 -  - exec CUpdateClientPartner::ParseServerData
2019-07-26 14:49:38 -  - exec CUpdateClientPartner::GetUpdatesList
2019-07-26 14:49:38 -  - exec CUpdateClientPartner::__CollectRequestData
2019-07-26 14:49:38 -  - utf=Y&lang=ru&stable=Y&CANGZIP=Y&SUPD_DBS=MYSQL&XE=N&CLIENT_SITE=192.168.1.183&LICENSE_KEY=X&SUPD_STS=1&SUPD_URS=0&SUPD_URSA=3&TYPENC=D&CLIENT_PHPVER=7.1.30&NGINX=Y&dbv=5.7.26&instm=main%2C18.5.180%2CY%3Bb24connector%2C18.5.0%2CN%3Bbitrix.sitecorporate%2C15.5.0%2CN%3Bbitrix.siteinfoportal%2C15.5.0%2CN%3Bbitrix.sitepersonal%2C15.5.0%2CN%3Bbitrixcloud%2C18.5.0%2CN%3Bblog%2C18.1.0%2CN%3Bclouds%2C18.0.0%2CN%3Bcompression%2C16.0.0%2CN%3Bfileman%2C18.5.400%2CN%3Bform%2C18.0.0%2CN%3Bforum%2C18.0.5%2CN%3Bhighloadblock%2C18.5.100%2CN%3Biblock%2C18.6.400%2CN%3Blanding%2C18.6.75%2CN%3Bmessageservice%2C18.0.3%2CN%3Bmobileapp%2C18.5.100%2CN%3Bperfmon%2C18.5.0%2CN%3Bphotogallery%2C18.0.0%2CN%3Brest%2C18.5.7%2CN%3Bscale%2C17.5.0%2CN%3Bsearch%2C18.5.200%2CN%3Bsecurity%2C18.5.1%2CN%3Bseo%2C18.6.100%2CN%3Bsocialservices%2C18.5.100%2CN%3Bsubscribe%2C18.5.0%2CN%3Btranslate%2C18.0.0%2CN%3Bui%2C18.5.150%2CN%3Bvote%2C17.5.1%2CN%3Bacademy.orm13%2C1.0.0%2CN&reqm=bitrix.sitecorporate%2Cbitrix.siteinfoportal%2Cbitrix.sitepersonal%2Cacademy.orm13&fullmoduleinfo=Y&SUPD_SRS=RU&SUPD_CMP=N
2019-07-26 14:49:38 -  - exec CUpdateClientPartner::GetHTTPPage
2019-07-26 14:49:38 -  - TIME GetUpdatesList(request) 0.28 sec
2019-07-26 14:49:38 -  - exec CUpdateClientPartner::ParseServerData
2019-07-26 14:49:45 -  - exec CUpdateClientPartner::GetUpdatesList
2019-07-26 14:49:45 -  - exec CUpdateClientPartner::__CollectRequestData
2019-07-26 14:49:45 -  - utf=Y&lang=ru&stable=Y&CANGZIP=Y&SUPD_DBS=MYSQL&XE=N&CLIENT_SITE=192.168.1.183&LICENSE_KEY=X&SUPD_STS=1&SUPD_URS=0&SUPD_URSA=3&TYPENC=D&CLIENT_PHPVER=7.1.30&NGINX=Y&dbv=5.7.26&instm=main%2C18.5.180%2CY%3Bb24connector%2C18.5.0%2CN%3Bbitrix.sitecorporate%2C15.5.0%2CN%3Bbitrix.siteinfoportal%2C15.5.0%2CN%3Bbitrix.sitepersonal%2C15.5.0%2CN%3Bbitrixcloud%2C18.5.0%2CN%3Bblog%2C18.1.0%2CN%3Bclouds%2C18.0.0%2CN%3Bcompression%2C16.0.0%2CN%3Bfileman%2C18.5.400%2CN%3Bform%2C18.0.0%2CN%3Bforum%2C18.0.5%2CN%3Bhighloadblock%2C18.5.100%2CN%3Biblock%2C18.6.400%2CN%3Blanding%2C18.6.75%2CN%3Bmessageservice%2C18.0.3%2CN%3Bmobileapp%2C18.5.100%2CN%3Bperfmon%2C18.5.0%2CN%3Bphotogallery%2C18.0.0%2CN%3Brest%2C18.5.7%2CN%3Bscale%2C17.5.0%2CN%3Bsearch%2C18.5.200%2CN%3Bsecurity%2C18.5.1%2CN%3Bseo%2C18.6.100%2CN%3Bsocialservices%2C18.5.100%2CN%3Bsubscribe%2C18.5.0%2CN%3Btranslate%2C18.0.0%2CN%3Bui%2C18.5.150%2CN%3Bvote%2C17.5.1%2CN%3Bacademy.orm13%2C1.0.0%2CN&reqm=bitrix.sitecorporate%2Cbitrix.siteinfoportal%2Cbitrix.sitepersonal%2Cacademy.orm13&fullmoduleinfo=Y&SUPD_SRS=RU&SUPD_CMP=N
2019-07-26 14:49:45 -  - exec CUpdateClientPartner::GetHTTPPage
2019-07-26 14:49:45 -  - TIME GetUpdatesList(request) 0.213 sec
2019-07-26 14:49:45 -  - exec CUpdateClientPartner::ParseServerData
2019-07-26 14:49:48 -  - exec CUpdateClientPartner::GetUpdatesList
2019-07-26 14:49:48 -  - exec CUpdateClientPartner::__CollectRequestData
2019-07-26 14:49:48 -  - utf=Y&lang=ru&stable=Y&CANGZIP=Y&SUPD_DBS=MYSQL&XE=N&CLIENT_SITE=192.168.1.183&LICENSE_KEY=X&SUPD_STS=1&SUPD_URS=0&SUPD_URSA=3&TYPENC=D&CLIENT_PHPVER=7.1.30&NGINX=Y&dbv=5.7.26&instm=main%2C18.5.180%2CY%3Bb24connector%2C18.5.0%2CN%3Bbitrix.sitecorporate%2C15.5.0%2CN%3Bbitrix.siteinfoportal%2C15.5.0%2CN%3Bbitrix.sitepersonal%2C15.5.0%2CN%3Bbitrixcloud%2C18.5.0%2CN%3Bblog%2C18.1.0%2CN%3Bclouds%2C18.0.0%2CN%3Bcompression%2C16.0.0%2CN%3Bfileman%2C18.5.400%2CN%3Bform%2C18.0.0%2CN%3Bforum%2C18.0.5%2CN%3Bhighloadblock%2C18.5.100%2CN%3Biblock%2C18.6.400%2CN%3Blanding%2C18.6.75%2CN%3Bmessageservice%2C18.0.3%2CN%3Bmobileapp%2C18.5.100%2CN%3Bperfmon%2C18.5.0%2CN%3Bphotogallery%2C18.0.0%2CN%3Brest%2C18.5.7%2CN%3Bscale%2C17.5.0%2CN%3Bsearch%2C18.5.200%2CN%3Bsecurity%2C18.5.1%2CN%3Bseo%2C18.6.100%2CN%3Bsocialservices%2C18.5.100%2CN%3Bsubscribe%2C18.5.0%2CN%3Btranslate%2C18.0.0%2CN%3Bui%2C18.5.150%2CN%3Bvote%2C17.5.1%2CN%3Bacademy.orm13%2C1.0.0%2CN&reqm=bitrix.sitecorporate%2Cbitrix.siteinfoportal%2Cbitrix.sitepersonal%2Cacademy.orm13&fullmoduleinfo=Y&SUPD_SRS=RU&SUPD_CMP=N
2019-07-26 14:49:48 -  - exec CUpdateClientPartner::GetHTTPPage
2019-07-26 14:49:48 -  - TIME GetUpdatesList(request) 0.191 sec
2019-07-26 14:49:48 -  - exec CUpdateClientPartner::ParseServerData
2019-07-26 14:54:58 -  - exec CUpdateClientPartner::GetUpdatesList
2019-07-26 14:54:58 -  - exec CUpdateClientPartner::__CollectRequestData
2019-07-26 14:54:58 -  - utf=Y&lang=ru&stable=Y&CANGZIP=Y&SUPD_DBS=MYSQL&XE=N&CLIENT_SITE=192.168.1.183&LICENSE_KEY=X&SUPD_STS=1&SUPD_URS=0&SUPD_URSA=3&TYPENC=D&CLIENT_PHPVER=7.1.30&NGINX=Y&dbv=5.7.26&instm=main%2C18.5.180%2CY%3Bb24connector%2C18.5.0%2CN%3Bbitrix.sitecorporate%2C15.5.0%2CN%3Bbitrix.siteinfoportal%2C15.5.0%2CN%3Bbitrix.sitepersonal%2C15.5.0%2CN%3Bbitrixcloud%2C18.5.0%2CN%3Bblog%2C18.1.0%2CN%3Bclouds%2C18.0.0%2CN%3Bcompression%2C16.0.0%2CN%3Bfileman%2C18.5.400%2CN%3Bform%2C18.0.0%2CN%3Bforum%2C18.0.5%2CN%3Bhighloadblock%2C18.5.100%2CN%3Biblock%2C18.6.400%2CN%3Blanding%2C18.6.75%2CN%3Bmessageservice%2C18.0.3%2CN%3Bmobileapp%2C18.5.100%2CN%3Bperfmon%2C18.5.0%2CN%3Bphotogallery%2C18.0.0%2CN%3Brest%2C18.5.7%2CN%3Bscale%2C17.5.0%2CN%3Bsearch%2C18.5.200%2CN%3Bsecurity%2C18.5.1%2CN%3Bseo%2C18.6.100%2CN%3Bsocialservices%2C18.5.100%2CN%3Bsubscribe%2C18.5.0%2CN%3Btranslate%2C18.0.0%2CN%3Bui%2C18.5.150%2CN%3Bvote%2C17.5.1%2CN%3Bacademy.orm13%2C1.0.0%2CN&reqm=bitrix.sitecorporate%2Cbitrix.siteinfoportal%2Cbitrix.sitepersonal%2Cacademy.orm13&SUPD_SRS=RU&SUPD_CMP=N
2019-07-26 14:54:58 -  - exec CUpdateClientPartner::GetHTTPPage
2019-07-26 14:54:58 -  - TIME GetUpdatesList(request) 0.253 sec
2019-07-26 14:54:58 -  - exec CUpdateClientPartner::ParseServerData
2019-07-26 14:55:01 -  - exec CUpdateClientPartner::GetUpdatesList
2019-07-26 14:55:01 -  - exec CUpdateClientPartner::__CollectRequestData
2019-07-26 14:55:01 -  - utf=Y&lang=ru&stable=Y&CANGZIP=Y&SUPD_DBS=MYSQL&XE=N&CLIENT_SITE=192.168.1.183&LICENSE_KEY=X&SUPD_STS=1&SUPD_URS=0&SUPD_URSA=3&TYPENC=D&CLIENT_PHPVER=7.1.30&NGINX=Y&dbv=5.7.26&instm=main%2C18.5.180%2CY%3Bb24connector%2C18.5.0%2CN%3Bbitrix.sitecorporate%2C15.5.0%2CN%3Bbitrix.siteinfoportal%2C15.5.0%2CN%3Bbitrix.sitepersonal%2C15.5.0%2CN%3Bbitrixcloud%2C18.5.0%2CN%3Bblog%2C18.1.0%2CN%3Bclouds%2C18.0.0%2CN%3Bcompression%2C16.0.0%2CN%3Bfileman%2C18.5.400%2CN%3Bform%2C18.0.0%2CN%3Bforum%2C18.0.5%2CN%3Bhighloadblock%2C18.5.100%2CN%3Biblock%2C18.6.400%2CN%3Blanding%2C18.6.75%2CN%3Bmessageservice%2C18.0.3%2CN%3Bmobileapp%2C18.5.100%2CN%3Bperfmon%2C18.5.0%2CN%3Bphotogallery%2C18.0.0%2CN%3Brest%2C18.5.7%2CN%3Bscale%2C17.5.0%2CN%3Bsearch%2C18.5.200%2CN%3Bsecurity%2C18.5.1%2CN%3Bseo%2C18.6.100%2CN%3Bsocialservices%2C18.5.100%2CN%3Bsubscribe%2C18.5.0%2CN%3Btranslate%2C18.0.0%2CN%3Bui%2C18.5.150%2CN%3Bvote%2C17.5.1%2CN%3Bacademy.orm13%2C1.0.0%2CN&reqm=bitrix.sitecorporate%2Cbitrix.siteinfoportal%2Cbitrix.sitepersonal%2Cacademy.orm13&fullmoduleinfo=Y&SUPD_SRS=RU&SUPD_CMP=N
2019-07-26 14:55:01 -  - exec CUpdateClientPartner::GetHTTPPage
2019-07-26 14:55:01 -  - TIME GetUpdatesList(request) 0.224 sec
2019-07-26 14:55:01 -  - exec CUpdateClientPartner::ParseServerData
2019-07-26 14:55:05 -  - exec CUpdateClientPartner::GetUpdatesList
2019-07-26 14:55:05 -  - exec CUpdateClientPartner::__CollectRequestData
2019-07-26 14:55:05 -  - utf=Y&lang=ru&stable=Y&CANGZIP=Y&SUPD_DBS=MYSQL&XE=N&CLIENT_SITE=192.168.1.183&LICENSE_KEY=X&SUPD_STS=1&SUPD_URS=0&SUPD_URSA=3&TYPENC=D&CLIENT_PHPVER=7.1.30&NGINX=Y&dbv=5.7.26&instm=main%2C18.5.180%2CY%3Bb24connector%2C18.5.0%2CN%3Bbitrix.sitecorporate%2C15.5.0%2CN%3Bbitrix.siteinfoportal%2C15.5.0%2CN%3Bbitrix.sitepersonal%2C15.5.0%2CN%3Bbitrixcloud%2C18.5.0%2CN%3Bblog%2C18.1.0%2CN%3Bclouds%2C18.0.0%2CN%3Bcompression%2C16.0.0%2CN%3Bfileman%2C18.5.400%2CN%3Bform%2C18.0.0%2CN%3Bforum%2C18.0.5%2CN%3Bhighloadblock%2C18.5.100%2CN%3Biblock%2C18.6.400%2CN%3Blanding%2C18.6.75%2CN%3Bmessageservice%2C18.0.3%2CN%3Bmobileapp%2C18.5.100%2CN%3Bperfmon%2C18.5.0%2CN%3Bphotogallery%2C18.0.0%2CN%3Brest%2C18.5.7%2CN%3Bscale%2C17.5.0%2CN%3Bsearch%2C18.5.200%2CN%3Bsecurity%2C18.5.1%2CN%3Bseo%2C18.6.100%2CN%3Bsocialservices%2C18.5.100%2CN%3Bsubscribe%2C18.5.0%2CN%3Btranslate%2C18.0.0%2CN%3Bui%2C18.5.150%2CN%3Bvote%2C17.5.1%2CN%3Bacademy.orm13%2C1.0.0%2CN&reqm=bitrix.sitecorporate%2Cbitrix.siteinfoportal%2Cbitrix.sitepersonal%2Cacademy.orm13&fullmoduleinfo=Y&SUPD_SRS=RU&SUPD_CMP=N
2019-07-26 14:55:05 -  - exec CUpdateClientPartner::GetHTTPPage
2019-07-26 14:55:05 -  - TIME GetUpdatesList(request) 0.236 sec
2019-07-26 14:55:05 -  - exec CUpdateClientPartner::ParseServerData
2019-07-26 14:55:05 -  - exec CUpdateClientPartner::GetUpdatesList
2019-07-26 14:55:05 -  - exec CUpdateClientPartner::__CollectRequestData
2019-07-26 14:55:05 -  - utf=Y&lang=ru&stable=Y&CANGZIP=Y&SUPD_DBS=MYSQL&XE=N&CLIENT_SITE=192.168.1.183&LICENSE_KEY=X&SUPD_STS=1&SUPD_URS=0&SUPD_URSA=3&TYPENC=D&CLIENT_PHPVER=7.1.30&NGINX=Y&dbv=5.7.26&instm=main%2C18.5.180%2CY%3Bb24connector%2C18.5.0%2CN%3Bbitrix.sitecorporate%2C15.5.0%2CN%3Bbitrix.siteinfoportal%2C15.5.0%2CN%3Bbitrix.sitepersonal%2C15.5.0%2CN%3Bbitrixcloud%2C18.5.0%2CN%3Bblog%2C18.1.0%2CN%3Bclouds%2C18.0.0%2CN%3Bcompression%2C16.0.0%2CN%3Bfileman%2C18.5.400%2CN%3Bform%2C18.0.0%2CN%3Bforum%2C18.0.5%2CN%3Bhighloadblock%2C18.5.100%2CN%3Biblock%2C18.6.400%2CN%3Blanding%2C18.6.75%2CN%3Bmessageservice%2C18.0.3%2CN%3Bmobileapp%2C18.5.100%2CN%3Bperfmon%2C18.5.0%2CN%3Bphotogallery%2C18.0.0%2CN%3Brest%2C18.5.7%2CN%3Bscale%2C17.5.0%2CN%3Bsearch%2C18.5.200%2CN%3Bsecurity%2C18.5.1%2CN%3Bseo%2C18.6.100%2CN%3Bsocialservices%2C18.5.100%2CN%3Bsubscribe%2C18.5.0%2CN%3Btranslate%2C18.0.0%2CN%3Bui%2C18.5.150%2CN%3Bvote%2C17.5.1%2CN%3Bacademy.orm13%2C1.0.0%2CN&reqm=bitrix.sitecorporate%2Cbitrix.siteinfoportal%2Cbitrix.sitepersonal%2Cacademy.orm13&fullmoduleinfo=Y&SUPD_SRS=RU&SUPD_CMP=N
2019-07-26 14:55:05 -  - exec CUpdateClientPartner::GetHTTPPage
2019-07-26 14:55:06 -  - TIME GetUpdatesList(request) 0.234 sec
2019-07-26 14:55:06 -  - exec CUpdateClientPartner::ParseServerData
2019-07-26 14:55:20 -  - exec CUpdateClientPartner::GetUpdatesList
2019-07-26 14:55:20 -  - exec CUpdateClientPartner::__CollectRequestData
2019-07-26 14:55:20 -  - utf=Y&lang=ru&stable=Y&CANGZIP=Y&SUPD_DBS=MYSQL&XE=N&CLIENT_SITE=192.168.1.183&LICENSE_KEY=X&SUPD_STS=1&SUPD_URS=0&SUPD_URSA=3&TYPENC=D&CLIENT_PHPVER=7.1.30&NGINX=Y&dbv=5.7.26&instm=main%2C18.5.180%2CY%3Bb24connector%2C18.5.0%2CN%3Bbitrix.sitecorporate%2C15.5.0%2CN%3Bbitrix.siteinfoportal%2C15.5.0%2CN%3Bbitrix.sitepersonal%2C15.5.0%2CN%3Bbitrixcloud%2C18.5.0%2CN%3Bblog%2C18.1.0%2CN%3Bclouds%2C18.0.0%2CN%3Bcompression%2C16.0.0%2CN%3Bfileman%2C18.5.400%2CN%3Bform%2C18.0.0%2CN%3Bforum%2C18.0.5%2CN%3Bhighloadblock%2C18.5.100%2CN%3Biblock%2C18.6.400%2CN%3Blanding%2C18.6.75%2CN%3Bmessageservice%2C18.0.3%2CN%3Bmobileapp%2C18.5.100%2CN%3Bperfmon%2C18.5.0%2CN%3Bphotogallery%2C18.0.0%2CN%3Brest%2C18.5.7%2CN%3Bscale%2C17.5.0%2CN%3Bsearch%2C18.5.200%2CN%3Bsecurity%2C18.5.1%2CN%3Bseo%2C18.6.100%2CN%3Bsocialservices%2C18.5.100%2CN%3Bsubscribe%2C18.5.0%2CN%3Btranslate%2C18.0.0%2CN%3Bui%2C18.5.150%2CN%3Bvote%2C17.5.1%2CN%3Bacademy.orm13%2C1.0.0%2CN&reqm=bitrix.sitecorporate%2Cbitrix.siteinfoportal%2Cbitrix.sitepersonal%2Cacademy.orm13&fullmoduleinfo=Y&SUPD_SRS=RU&SUPD_CMP=N
2019-07-26 14:55:20 -  - exec CUpdateClientPartner::GetHTTPPage
2019-07-26 14:55:20 -  - TIME GetUpdatesList(request) 0.205 sec
2019-07-26 14:55:20 -  - exec CUpdateClientPartner::ParseServerData
2019-07-26 14:56:05 -  - exec CUpdateClientPartner::GetUpdatesList
2019-07-26 14:56:05 -  - exec CUpdateClientPartner::__CollectRequestData
2019-07-26 14:56:05 -  - utf=Y&lang=ru&stable=Y&CANGZIP=Y&SUPD_DBS=MYSQL&XE=N&CLIENT_SITE=192.168.1.183&LICENSE_KEY=X&SUPD_STS=1&SUPD_URS=0&SUPD_URSA=3&TYPENC=D&CLIENT_PHPVER=7.1.30&NGINX=Y&dbv=5.7.26&instm=main%2C18.5.180%2CY%3Bb24connector%2C18.5.0%2CN%3Bbitrix.sitecorporate%2C15.5.0%2CN%3Bbitrix.siteinfoportal%2C15.5.0%2CN%3Bbitrix.sitepersonal%2C15.5.0%2CN%3Bbitrixcloud%2C18.5.0%2CN%3Bblog%2C18.1.0%2CN%3Bclouds%2C18.0.0%2CN%3Bcompression%2C16.0.0%2CN%3Bfileman%2C18.5.400%2CN%3Bform%2C18.0.0%2CN%3Bforum%2C18.0.5%2CN%3Bhighloadblock%2C18.5.100%2CN%3Biblock%2C18.6.400%2CN%3Blanding%2C18.6.75%2CN%3Bmessageservice%2C18.0.3%2CN%3Bmobileapp%2C18.5.100%2CN%3Bperfmon%2C18.5.0%2CN%3Bphotogallery%2C18.0.0%2CN%3Brest%2C18.5.7%2CN%3Bscale%2C17.5.0%2CN%3Bsearch%2C18.5.200%2CN%3Bsecurity%2C18.5.1%2CN%3Bseo%2C18.6.100%2CN%3Bsocialservices%2C18.5.100%2CN%3Bsubscribe%2C18.5.0%2CN%3Btranslate%2C18.0.0%2CN%3Bui%2C18.5.150%2CN%3Bvote%2C17.5.1%2CN&reqm=bitrix.sitecorporate%2Cbitrix.siteinfoportal%2Cbitrix.sitepersonal&fullmoduleinfo=Y&SUPD_SRS=RU&SUPD_CMP=N
2019-07-26 14:56:05 -  - exec CUpdateClientPartner::GetHTTPPage
2019-07-26 14:56:05 -  - TIME GetUpdatesList(request) 0.261 sec
2019-07-26 14:56:05 -  - exec CUpdateClientPartner::ParseServerData
2019-07-26 14:56:07 -  - exec CUpdateClientPartner::GetUpdatesList
2019-07-26 14:56:07 -  - exec CUpdateClientPartner::__CollectRequestData
2019-07-26 14:56:07 -  - utf=Y&lang=ru&stable=Y&CANGZIP=Y&SUPD_DBS=MYSQL&XE=N&CLIENT_SITE=192.168.1.183&LICENSE_KEY=X&SUPD_STS=1&SUPD_URS=0&SUPD_URSA=3&TYPENC=D&CLIENT_PHPVER=7.1.30&NGINX=Y&dbv=5.7.26&instm=main%2C18.5.180%2CY%3Bb24connector%2C18.5.0%2CN%3Bbitrix.sitecorporate%2C15.5.0%2CN%3Bbitrix.siteinfoportal%2C15.5.0%2CN%3Bbitrix.sitepersonal%2C15.5.0%2CN%3Bbitrixcloud%2C18.5.0%2CN%3Bblog%2C18.1.0%2CN%3Bclouds%2C18.0.0%2CN%3Bcompression%2C16.0.0%2CN%3Bfileman%2C18.5.400%2CN%3Bform%2C18.0.0%2CN%3Bforum%2C18.0.5%2CN%3Bhighloadblock%2C18.5.100%2CN%3Biblock%2C18.6.400%2CN%3Blanding%2C18.6.75%2CN%3Bmessageservice%2C18.0.3%2CN%3Bmobileapp%2C18.5.100%2CN%3Bperfmon%2C18.5.0%2CN%3Bphotogallery%2C18.0.0%2CN%3Brest%2C18.5.7%2CN%3Bscale%2C17.5.0%2CN%3Bsearch%2C18.5.200%2CN%3Bsecurity%2C18.5.1%2CN%3Bseo%2C18.6.100%2CN%3Bsocialservices%2C18.5.100%2CN%3Bsubscribe%2C18.5.0%2CN%3Btranslate%2C18.0.0%2CN%3Bui%2C18.5.150%2CN%3Bvote%2C17.5.1%2CN&reqm=bitrix.sitecorporate%2Cbitrix.siteinfoportal%2Cbitrix.sitepersonal&fullmoduleinfo=Y&SUPD_SRS=RU&SUPD_CMP=N
2019-07-26 14:56:07 -  - exec CUpdateClientPartner::GetHTTPPage
2019-07-26 14:56:07 -  - TIME GetUpdatesList(request) 0.211 sec
2019-07-26 14:56:07 -  - exec CUpdateClientPartner::ParseServerData
2019-07-26 14:56:10 -  - exec CUpdateClientPartner::GetUpdatesList
2019-07-26 14:56:10 -  - exec CUpdateClientPartner::__CollectRequestData
2019-07-26 14:56:10 -  - utf=Y&lang=ru&stable=Y&CANGZIP=Y&SUPD_DBS=MYSQL&XE=N&CLIENT_SITE=192.168.1.183&LICENSE_KEY=X&SUPD_STS=1&SUPD_URS=0&SUPD_URSA=3&TYPENC=D&CLIENT_PHPVER=7.1.30&NGINX=Y&dbv=5.7.26&instm=main%2C18.5.180%2CY%3Bb24connector%2C18.5.0%2CN%3Bbitrix.sitecorporate%2C15.5.0%2CN%3Bbitrix.siteinfoportal%2C15.5.0%2CN%3Bbitrix.sitepersonal%2C15.5.0%2CN%3Bbitrixcloud%2C18.5.0%2CN%3Bblog%2C18.1.0%2CN%3Bclouds%2C18.0.0%2CN%3Bcompression%2C16.0.0%2CN%3Bfileman%2C18.5.400%2CN%3Bform%2C18.0.0%2CN%3Bforum%2C18.0.5%2CN%3Bhighloadblock%2C18.5.100%2CN%3Biblock%2C18.6.400%2CN%3Blanding%2C18.6.75%2CN%3Bmessageservice%2C18.0.3%2CN%3Bmobileapp%2C18.5.100%2CN%3Bperfmon%2C18.5.0%2CN%3Bphotogallery%2C18.0.0%2CN%3Brest%2C18.5.7%2CN%3Bscale%2C17.5.0%2CN%3Bsearch%2C18.5.200%2CN%3Bsecurity%2C18.5.1%2CN%3Bseo%2C18.6.100%2CN%3Bsocialservices%2C18.5.100%2CN%3Bsubscribe%2C18.5.0%2CN%3Btranslate%2C18.0.0%2CN%3Bui%2C18.5.150%2CN%3Bvote%2C17.5.1%2CN&reqm=bitrix.sitecorporate%2Cbitrix.siteinfoportal%2Cbitrix.sitepersonal&fullmoduleinfo=Y&SUPD_SRS=RU&SUPD_CMP=N
2019-07-26 14:56:10 -  - exec CUpdateClientPartner::GetHTTPPage
2019-07-26 14:56:10 -  - TIME GetUpdatesList(request) 0.25 sec
2019-07-26 14:56:10 -  - exec CUpdateClientPartner::ParseServerData
2019-07-26 14:56:10 -  - exec CUpdateClientPartner::GetUpdatesList
2019-07-26 14:56:10 -  - exec CUpdateClientPartner::__CollectRequestData
2019-07-26 14:56:10 -  - utf=Y&lang=ru&stable=Y&CANGZIP=Y&SUPD_DBS=MYSQL&XE=N&CLIENT_SITE=192.168.1.183&LICENSE_KEY=X&SUPD_STS=1&SUPD_URS=0&SUPD_URSA=3&TYPENC=D&CLIENT_PHPVER=7.1.30&NGINX=Y&dbv=5.7.26&instm=main%2C18.5.180%2CY%3Bb24connector%2C18.5.0%2CN%3Bbitrix.sitecorporate%2C15.5.0%2CN%3Bbitrix.siteinfoportal%2C15.5.0%2CN%3Bbitrix.sitepersonal%2C15.5.0%2CN%3Bbitrixcloud%2C18.5.0%2CN%3Bblog%2C18.1.0%2CN%3Bclouds%2C18.0.0%2CN%3Bcompression%2C16.0.0%2CN%3Bfileman%2C18.5.400%2CN%3Bform%2C18.0.0%2CN%3Bforum%2C18.0.5%2CN%3Bhighloadblock%2C18.5.100%2CN%3Biblock%2C18.6.400%2CN%3Blanding%2C18.6.75%2CN%3Bmessageservice%2C18.0.3%2CN%3Bmobileapp%2C18.5.100%2CN%3Bperfmon%2C18.5.0%2CN%3Bphotogallery%2C18.0.0%2CN%3Brest%2C18.5.7%2CN%3Bscale%2C17.5.0%2CN%3Bsearch%2C18.5.200%2CN%3Bsecurity%2C18.5.1%2CN%3Bseo%2C18.6.100%2CN%3Bsocialservices%2C18.5.100%2CN%3Bsubscribe%2C18.5.0%2CN%3Btranslate%2C18.0.0%2CN%3Bui%2C18.5.150%2CN%3Bvote%2C17.5.1%2CN&reqm=bitrix.sitecorporate%2Cbitrix.siteinfoportal%2Cbitrix.sitepersonal&fullmoduleinfo=Y&SUPD_SRS=RU&SUPD_CMP=N
2019-07-26 14:56:10 -  - exec CUpdateClientPartner::GetHTTPPage
2019-07-26 14:56:10 -  - TIME GetUpdatesList(request) 0.197 sec
2019-07-26 14:56:10 -  - exec CUpdateClientPartner::ParseServerData
2019-07-26 14:56:13 -  - exec CUpdateClientPartner::GetUpdatesList
2019-07-26 14:56:13 -  - exec CUpdateClientPartner::__CollectRequestData
2019-07-26 14:56:13 -  - utf=Y&lang=ru&stable=Y&CANGZIP=Y&SUPD_DBS=MYSQL&XE=N&CLIENT_SITE=192.168.1.183&LICENSE_KEY=X&SUPD_STS=1&SUPD_URS=0&SUPD_URSA=3&TYPENC=D&CLIENT_PHPVER=7.1.30&NGINX=Y&dbv=5.7.26&instm=main%2C18.5.180%2CY%3Bb24connector%2C18.5.0%2CN%3Bbitrix.sitecorporate%2C15.5.0%2CN%3Bbitrix.siteinfoportal%2C15.5.0%2CN%3Bbitrix.sitepersonal%2C15.5.0%2CN%3Bbitrixcloud%2C18.5.0%2CN%3Bblog%2C18.1.0%2CN%3Bclouds%2C18.0.0%2CN%3Bcompression%2C16.0.0%2CN%3Bfileman%2C18.5.400%2CN%3Bform%2C18.0.0%2CN%3Bforum%2C18.0.5%2CN%3Bhighloadblock%2C18.5.100%2CN%3Biblock%2C18.6.400%2CN%3Blanding%2C18.6.75%2CN%3Bmessageservice%2C18.0.3%2CN%3Bmobileapp%2C18.5.100%2CN%3Bperfmon%2C18.5.0%2CN%3Bphotogallery%2C18.0.0%2CN%3Brest%2C18.5.7%2CN%3Bscale%2C17.5.0%2CN%3Bsearch%2C18.5.200%2CN%3Bsecurity%2C18.5.1%2CN%3Bseo%2C18.6.100%2CN%3Bsocialservices%2C18.5.100%2CN%3Bsubscribe%2C18.5.0%2CN%3Btranslate%2C18.0.0%2CN%3Bui%2C18.5.150%2CN%3Bvote%2C17.5.1%2CN&reqm=bitrix.sitecorporate%2Cbitrix.siteinfoportal%2Cbitrix.sitepersonal&fullmoduleinfo=Y&SUPD_SRS=RU&SUPD_CMP=N
2019-07-26 14:56:13 -  - exec CUpdateClientPartner::GetHTTPPage
2019-07-26 14:56:14 -  - TIME GetUpdatesList(request) 0.189 sec
2019-07-26 14:56:14 -  - exec CUpdateClientPartner::ParseServerData
2019-07-26 14:56:34 -  - exec CUpdateClientPartner::GetUpdatesList
2019-07-26 14:56:34 -  - exec CUpdateClientPartner::__CollectRequestData
2019-07-26 14:56:34 -  - utf=Y&lang=ru&stable=Y&CANGZIP=Y&SUPD_DBS=MYSQL&XE=N&CLIENT_SITE=192.168.1.183&LICENSE_KEY=X&SUPD_STS=1&SUPD_URS=0&SUPD_URSA=3&TYPENC=D&CLIENT_PHPVER=7.1.30&NGINX=Y&dbv=5.7.26&instm=main%2C18.5.180%2CY%3Bb24connector%2C18.5.0%2CN%3Bbitrix.sitecorporate%2C15.5.0%2CN%3Bbitrix.siteinfoportal%2C15.5.0%2CN%3Bbitrix.sitepersonal%2C15.5.0%2CN%3Bbitrixcloud%2C18.5.0%2CN%3Bblog%2C18.1.0%2CN%3Bclouds%2C18.0.0%2CN%3Bcompression%2C16.0.0%2CN%3Bfileman%2C18.5.400%2CN%3Bform%2C18.0.0%2CN%3Bforum%2C18.0.5%2CN%3Bhighloadblock%2C18.5.100%2CN%3Biblock%2C18.6.400%2CN%3Blanding%2C18.6.75%2CN%3Bmessageservice%2C18.0.3%2CN%3Bmobileapp%2C18.5.100%2CN%3Bperfmon%2C18.5.0%2CN%3Bphotogallery%2C18.0.0%2CN%3Brest%2C18.5.7%2CN%3Bscale%2C17.5.0%2CN%3Bsearch%2C18.5.200%2CN%3Bsecurity%2C18.5.1%2CN%3Bseo%2C18.6.100%2CN%3Bsocialservices%2C18.5.100%2CN%3Bsubscribe%2C18.5.0%2CN%3Btranslate%2C18.0.0%2CN%3Bui%2C18.5.150%2CN%3Bvote%2C17.5.1%2CN&reqm=bitrix.sitecorporate%2Cbitrix.siteinfoportal%2Cbitrix.sitepersonal&fullmoduleinfo=Y&SUPD_SRS=RU&SUPD_CMP=N
2019-07-26 14:56:34 -  - exec CUpdateClientPartner::GetHTTPPage
2019-07-26 14:56:35 -  - TIME GetUpdatesList(request) 0.218 sec
2019-07-26 14:56:35 -  - exec CUpdateClientPartner::ParseServerData
2019-07-26 14:56:37 -  - exec CUpdateClientPartner::GetUpdatesList
2019-07-26 14:56:37 -  - exec CUpdateClientPartner::__CollectRequestData
2019-07-26 14:56:37 -  - utf=Y&lang=ru&stable=Y&CANGZIP=Y&SUPD_DBS=MYSQL&XE=N&CLIENT_SITE=192.168.1.183&LICENSE_KEY=X&SUPD_STS=1&SUPD_URS=0&SUPD_URSA=3&TYPENC=D&CLIENT_PHPVER=7.1.30&NGINX=Y&dbv=5.7.26&instm=main%2C18.5.180%2CY%3Bb24connector%2C18.5.0%2CN%3Bbitrix.sitecorporate%2C15.5.0%2CN%3Bbitrix.siteinfoportal%2C15.5.0%2CN%3Bbitrix.sitepersonal%2C15.5.0%2CN%3Bbitrixcloud%2C18.5.0%2CN%3Bblog%2C18.1.0%2CN%3Bclouds%2C18.0.0%2CN%3Bcompression%2C16.0.0%2CN%3Bfileman%2C18.5.400%2CN%3Bform%2C18.0.0%2CN%3Bforum%2C18.0.5%2CN%3Bhighloadblock%2C18.5.100%2CN%3Biblock%2C18.6.400%2CN%3Blanding%2C18.6.75%2CN%3Bmessageservice%2C18.0.3%2CN%3Bmobileapp%2C18.5.100%2CN%3Bperfmon%2C18.5.0%2CN%3Bphotogallery%2C18.0.0%2CN%3Brest%2C18.5.7%2CN%3Bscale%2C17.5.0%2CN%3Bsearch%2C18.5.200%2CN%3Bsecurity%2C18.5.1%2CN%3Bseo%2C18.6.100%2CN%3Bsocialservices%2C18.5.100%2CN%3Bsubscribe%2C18.5.0%2CN%3Btranslate%2C18.0.0%2CN%3Bui%2C18.5.150%2CN%3Bvote%2C17.5.1%2CN&reqm=bitrix.sitecorporate%2Cbitrix.siteinfoportal%2Cbitrix.sitepersonal&fullmoduleinfo=Y&SUPD_SRS=RU&SUPD_CMP=N
2019-07-26 14:56:37 -  - exec CUpdateClientPartner::GetHTTPPage
2019-07-26 14:56:37 -  - TIME GetUpdatesList(request) 0.217 sec
2019-07-26 14:56:37 -  - exec CUpdateClientPartner::ParseServerData
2019-07-26 14:57:03 -  - exec CUpdateClientPartner::GetUpdatesList
2019-07-26 14:57:03 -  - exec CUpdateClientPartner::__CollectRequestData
2019-07-26 14:57:03 -  - utf=Y&lang=ru&stable=Y&CANGZIP=Y&SUPD_DBS=MYSQL&XE=N&CLIENT_SITE=192.168.1.183&LICENSE_KEY=X&SUPD_STS=1&SUPD_URS=0&SUPD_URSA=3&TYPENC=D&CLIENT_PHPVER=7.1.30&NGINX=Y&dbv=5.7.26&instm=main%2C18.5.180%2CY%3Bb24connector%2C18.5.0%2CN%3Bbitrix.sitecorporate%2C15.5.0%2CN%3Bbitrix.siteinfoportal%2C15.5.0%2CN%3Bbitrix.sitepersonal%2C15.5.0%2CN%3Bbitrixcloud%2C18.5.0%2CN%3Bblog%2C18.1.0%2CN%3Bclouds%2C18.0.0%2CN%3Bcompression%2C16.0.0%2CN%3Bfileman%2C18.5.400%2CN%3Bform%2C18.0.0%2CN%3Bforum%2C18.0.5%2CN%3Bhighloadblock%2C18.5.100%2CN%3Biblock%2C18.6.400%2CN%3Blanding%2C18.6.75%2CN%3Bmessageservice%2C18.0.3%2CN%3Bmobileapp%2C18.5.100%2CN%3Bperfmon%2C18.5.0%2CN%3Bphotogallery%2C18.0.0%2CN%3Brest%2C18.5.7%2CN%3Bscale%2C17.5.0%2CN%3Bsearch%2C18.5.200%2CN%3Bsecurity%2C18.5.1%2CN%3Bseo%2C18.6.100%2CN%3Bsocialservices%2C18.5.100%2CN%3Bsubscribe%2C18.5.0%2CN%3Btranslate%2C18.0.0%2CN%3Bui%2C18.5.150%2CN%3Bvote%2C17.5.1%2CN&reqm=bitrix.sitecorporate%2Cbitrix.siteinfoportal%2Cbitrix.sitepersonal&fullmoduleinfo=Y&SUPD_SRS=RU&SUPD_CMP=N
2019-07-26 14:57:03 -  - exec CUpdateClientPartner::GetHTTPPage
2019-07-26 14:57:03 -  - TIME GetUpdatesList(request) 0.288 sec
2019-07-26 14:57:03 -  - exec CUpdateClientPartner::ParseServerData
2019-07-26 14:57:06 -  - exec CUpdateClientPartner::GetUpdatesList
2019-07-26 14:57:06 -  - exec CUpdateClientPartner::__CollectRequestData
2019-07-26 14:57:06 -  - utf=Y&lang=ru&stable=Y&CANGZIP=Y&SUPD_DBS=MYSQL&XE=N&CLIENT_SITE=192.168.1.183&LICENSE_KEY=X&SUPD_STS=1&SUPD_URS=0&SUPD_URSA=3&TYPENC=D&CLIENT_PHPVER=7.1.30&NGINX=Y&dbv=5.7.26&instm=main%2C18.5.180%2CY%3Bb24connector%2C18.5.0%2CN%3Bbitrix.sitecorporate%2C15.5.0%2CN%3Bbitrix.siteinfoportal%2C15.5.0%2CN%3Bbitrix.sitepersonal%2C15.5.0%2CN%3Bbitrixcloud%2C18.5.0%2CN%3Bblog%2C18.1.0%2CN%3Bclouds%2C18.0.0%2CN%3Bcompression%2C16.0.0%2CN%3Bfileman%2C18.5.400%2CN%3Bform%2C18.0.0%2CN%3Bforum%2C18.0.5%2CN%3Bhighloadblock%2C18.5.100%2CN%3Biblock%2C18.6.400%2CN%3Blanding%2C18.6.75%2CN%3Bmessageservice%2C18.0.3%2CN%3Bmobileapp%2C18.5.100%2CN%3Bperfmon%2C18.5.0%2CN%3Bphotogallery%2C18.0.0%2CN%3Brest%2C18.5.7%2CN%3Bscale%2C17.5.0%2CN%3Bsearch%2C18.5.200%2CN%3Bsecurity%2C18.5.1%2CN%3Bseo%2C18.6.100%2CN%3Bsocialservices%2C18.5.100%2CN%3Bsubscribe%2C18.5.0%2CN%3Btranslate%2C18.0.0%2CN%3Bui%2C18.5.150%2CN%3Bvote%2C17.5.1%2CN&reqm=bitrix.sitecorporate%2Cbitrix.siteinfoportal%2Cbitrix.sitepersonal&fullmoduleinfo=Y&SUPD_SRS=RU&SUPD_CMP=N
2019-07-26 14:57:06 -  - exec CUpdateClientPartner::GetHTTPPage
2019-07-26 14:57:06 -  - TIME GetUpdatesList(request) 0.207 sec
2019-07-26 14:57:06 -  - exec CUpdateClientPartner::ParseServerData
2019-07-26 14:57:06 -  - exec CUpdateClientPartner::GetUpdatesList
2019-07-26 14:57:06 -  - exec CUpdateClientPartner::__CollectRequestData
2019-07-26 14:57:06 -  - utf=Y&lang=ru&stable=Y&CANGZIP=Y&SUPD_DBS=MYSQL&XE=N&CLIENT_SITE=192.168.1.183&LICENSE_KEY=X&SUPD_STS=1&SUPD_URS=0&SUPD_URSA=3&TYPENC=D&CLIENT_PHPVER=7.1.30&NGINX=Y&dbv=5.7.26&instm=main%2C18.5.180%2CY%3Bb24connector%2C18.5.0%2CN%3Bbitrix.sitecorporate%2C15.5.0%2CN%3Bbitrix.siteinfoportal%2C15.5.0%2CN%3Bbitrix.sitepersonal%2C15.5.0%2CN%3Bbitrixcloud%2C18.5.0%2CN%3Bblog%2C18.1.0%2CN%3Bclouds%2C18.0.0%2CN%3Bcompression%2C16.0.0%2CN%3Bfileman%2C18.5.400%2CN%3Bform%2C18.0.0%2CN%3Bforum%2C18.0.5%2CN%3Bhighloadblock%2C18.5.100%2CN%3Biblock%2C18.6.400%2CN%3Blanding%2C18.6.75%2CN%3Bmessageservice%2C18.0.3%2CN%3Bmobileapp%2C18.5.100%2CN%3Bperfmon%2C18.5.0%2CN%3Bphotogallery%2C18.0.0%2CN%3Brest%2C18.5.7%2CN%3Bscale%2C17.5.0%2CN%3Bsearch%2C18.5.200%2CN%3Bsecurity%2C18.5.1%2CN%3Bseo%2C18.6.100%2CN%3Bsocialservices%2C18.5.100%2CN%3Bsubscribe%2C18.5.0%2CN%3Btranslate%2C18.0.0%2CN%3Bui%2C18.5.150%2CN%3Bvote%2C17.5.1%2CN&reqm=bitrix.sitecorporate%2Cbitrix.siteinfoportal%2Cbitrix.sitepersonal&fullmoduleinfo=Y&SUPD_SRS=RU&SUPD_CMP=N
2019-07-26 14:57:06 -  - exec CUpdateClientPartner::GetHTTPPage
2019-07-26 14:57:06 -  - TIME GetUpdatesList(request) 0.188 sec
2019-07-26 14:57:06 -  - exec CUpdateClientPartner::ParseServerData
2019-07-26 14:57:11 -  - exec CUpdateClientPartner::GetUpdatesList
2019-07-26 14:57:11 -  - exec CUpdateClientPartner::__CollectRequestData
2019-07-26 14:57:11 -  - utf=Y&lang=ru&stable=Y&CANGZIP=Y&SUPD_DBS=MYSQL&XE=N&CLIENT_SITE=192.168.1.183&LICENSE_KEY=X&SUPD_STS=1&SUPD_URS=0&SUPD_URSA=3&TYPENC=D&CLIENT_PHPVER=7.1.30&NGINX=Y&dbv=5.7.26&instm=main%2C18.5.180%2CY%3Bb24connector%2C18.5.0%2CN%3Bbitrix.sitecorporate%2C15.5.0%2CN%3Bbitrix.siteinfoportal%2C15.5.0%2CN%3Bbitrix.sitepersonal%2C15.5.0%2CN%3Bbitrixcloud%2C18.5.0%2CN%3Bblog%2C18.1.0%2CN%3Bclouds%2C18.0.0%2CN%3Bcompression%2C16.0.0%2CN%3Bfileman%2C18.5.400%2CN%3Bform%2C18.0.0%2CN%3Bforum%2C18.0.5%2CN%3Bhighloadblock%2C18.5.100%2CN%3Biblock%2C18.6.400%2CN%3Blanding%2C18.6.75%2CN%3Bmessageservice%2C18.0.3%2CN%3Bmobileapp%2C18.5.100%2CN%3Bperfmon%2C18.5.0%2CN%3Bphotogallery%2C18.0.0%2CN%3Brest%2C18.5.7%2CN%3Bscale%2C17.5.0%2CN%3Bsearch%2C18.5.200%2CN%3Bsecurity%2C18.5.1%2CN%3Bseo%2C18.6.100%2CN%3Bsocialservices%2C18.5.100%2CN%3Bsubscribe%2C18.5.0%2CN%3Btranslate%2C18.0.0%2CN%3Bui%2C18.5.150%2CN%3Bvote%2C17.5.1%2CN&reqm=bitrix.sitecorporate%2Cbitrix.siteinfoportal%2Cbitrix.sitepersonal&fullmoduleinfo=Y&SUPD_SRS=RU&SUPD_CMP=N
2019-07-26 14:57:11 -  - exec CUpdateClientPartner::GetHTTPPage
2019-07-26 14:57:11 -  - TIME GetUpdatesList(request) 0.193 sec
2019-07-26 14:57:11 -  - exec CUpdateClientPartner::ParseServerData
2019-07-26 14:58:04 -  - exec CUpdateClientPartner::GetUpdatesList
2019-07-26 14:58:04 -  - exec CUpdateClientPartner::__CollectRequestData
2019-07-26 14:58:04 -  - utf=Y&lang=ru&stable=Y&CANGZIP=Y&SUPD_DBS=MYSQL&XE=N&CLIENT_SITE=192.168.1.183&LICENSE_KEY=X&SUPD_STS=1&SUPD_URS=0&SUPD_URSA=3&TYPENC=D&CLIENT_PHPVER=7.1.30&NGINX=Y&dbv=5.7.26&instm=main%2C18.5.180%2CY%3Bb24connector%2C18.5.0%2CN%3Bbitrix.sitecorporate%2C15.5.0%2CN%3Bbitrix.siteinfoportal%2C15.5.0%2CN%3Bbitrix.sitepersonal%2C15.5.0%2CN%3Bbitrixcloud%2C18.5.0%2CN%3Bblog%2C18.1.0%2CN%3Bclouds%2C18.0.0%2CN%3Bcompression%2C16.0.0%2CN%3Bfileman%2C18.5.400%2CN%3Bform%2C18.0.0%2CN%3Bforum%2C18.0.5%2CN%3Bhighloadblock%2C18.5.100%2CN%3Biblock%2C18.6.400%2CN%3Blanding%2C18.6.75%2CN%3Bmessageservice%2C18.0.3%2CN%3Bmobileapp%2C18.5.100%2CN%3Bperfmon%2C18.5.0%2CN%3Bphotogallery%2C18.0.0%2CN%3Brest%2C18.5.7%2CN%3Bscale%2C17.5.0%2CN%3Bsearch%2C18.5.200%2CN%3Bsecurity%2C18.5.1%2CN%3Bseo%2C18.6.100%2CN%3Bsocialservices%2C18.5.100%2CN%3Bsubscribe%2C18.5.0%2CN%3Btranslate%2C18.0.0%2CN%3Bui%2C18.5.150%2CN%3Bvote%2C17.5.1%2CN&reqm=bitrix.sitecorporate%2Cbitrix.siteinfoportal%2Cbitrix.sitepersonal&fullmoduleinfo=Y&SUPD_SRS=RU&SUPD_CMP=N
2019-07-26 14:58:04 -  - exec CUpdateClientPartner::GetHTTPPage
2019-07-26 14:58:04 -  - TIME GetUpdatesList(request) 0.235 sec
2019-07-26 14:58:04 -  - exec CUpdateClientPartner::ParseServerData
2019-07-26 15:03:04 -  - exec CUpdateClientPartner::GetUpdatesList
2019-07-26 15:03:04 -  - exec CUpdateClientPartner::__CollectRequestData
2019-07-26 15:03:04 -  - utf=Y&lang=ru&stable=Y&CANGZIP=Y&SUPD_DBS=MYSQL&XE=N&CLIENT_SITE=192.168.1.183&LICENSE_KEY=X&SUPD_STS=1&SUPD_URS=0&SUPD_URSA=3&TYPENC=D&CLIENT_PHPVER=7.1.30&NGINX=Y&dbv=5.7.26&instm=main%2C18.5.180%2CY%3Bb24connector%2C18.5.0%2CN%3Bbitrix.sitecorporate%2C15.5.0%2CN%3Bbitrix.siteinfoportal%2C15.5.0%2CN%3Bbitrix.sitepersonal%2C15.5.0%2CN%3Bbitrixcloud%2C18.5.0%2CN%3Bblog%2C18.1.0%2CN%3Bclouds%2C18.0.0%2CN%3Bcompression%2C16.0.0%2CN%3Bfileman%2C18.5.400%2CN%3Bform%2C18.0.0%2CN%3Bforum%2C18.0.5%2CN%3Bhighloadblock%2C18.5.100%2CN%3Biblock%2C18.6.400%2CN%3Blanding%2C18.6.75%2CN%3Bmessageservice%2C18.0.3%2CN%3Bmobileapp%2C18.5.100%2CN%3Bperfmon%2C18.5.0%2CN%3Bphotogallery%2C18.0.0%2CN%3Brest%2C18.5.7%2CN%3Bscale%2C17.5.0%2CN%3Bsearch%2C18.5.200%2CN%3Bsecurity%2C18.5.1%2CN%3Bseo%2C18.6.100%2CN%3Bsocialservices%2C18.5.100%2CN%3Bsubscribe%2C18.5.0%2CN%3Btranslate%2C18.0.0%2CN%3Bui%2C18.5.150%2CN%3Bvote%2C17.5.1%2CN&reqm=bitrix.sitecorporate%2Cbitrix.siteinfoportal%2Cbitrix.sitepersonal&fullmoduleinfo=Y&SUPD_SRS=RU&SUPD_CMP=N
2019-07-26 15:03:04 -  - exec CUpdateClientPartner::GetHTTPPage
2019-07-26 15:03:04 -  - TIME GetUpdatesList(request) 0.325 sec
2019-07-26 15:03:04 -  - exec CUpdateClientPartner::ParseServerData
2019-07-26 15:03:07 -  - exec CUpdateClientPartner::GetUpdatesList
2019-07-26 15:03:07 -  - exec CUpdateClientPartner::__CollectRequestData
2019-07-26 15:03:07 -  - utf=Y&lang=ru&stable=Y&CANGZIP=Y&SUPD_DBS=MYSQL&XE=N&CLIENT_SITE=192.168.1.183&LICENSE_KEY=X&SUPD_STS=1&SUPD_URS=0&SUPD_URSA=3&TYPENC=D&CLIENT_PHPVER=7.1.30&NGINX=Y&dbv=5.7.26&instm=main%2C18.5.180%2CY%3Bb24connector%2C18.5.0%2CN%3Bbitrix.sitecorporate%2C15.5.0%2CN%3Bbitrix.siteinfoportal%2C15.5.0%2CN%3Bbitrix.sitepersonal%2C15.5.0%2CN%3Bbitrixcloud%2C18.5.0%2CN%3Bblog%2C18.1.0%2CN%3Bclouds%2C18.0.0%2CN%3Bcompression%2C16.0.0%2CN%3Bfileman%2C18.5.400%2CN%3Bform%2C18.0.0%2CN%3Bforum%2C18.0.5%2CN%3Bhighloadblock%2C18.5.100%2CN%3Biblock%2C18.6.400%2CN%3Blanding%2C18.6.75%2CN%3Bmessageservice%2C18.0.3%2CN%3Bmobileapp%2C18.5.100%2CN%3Bperfmon%2C18.5.0%2CN%3Bphotogallery%2C18.0.0%2CN%3Brest%2C18.5.7%2CN%3Bscale%2C17.5.0%2CN%3Bsearch%2C18.5.200%2CN%3Bsecurity%2C18.5.1%2CN%3Bseo%2C18.6.100%2CN%3Bsocialservices%2C18.5.100%2CN%3Bsubscribe%2C18.5.0%2CN%3Btranslate%2C18.0.0%2CN%3Bui%2C18.5.150%2CN%3Bvote%2C17.5.1%2CN&reqm=bitrix.sitecorporate%2Cbitrix.siteinfoportal%2Cbitrix.sitepersonal&fullmoduleinfo=Y&SUPD_SRS=RU&SUPD_CMP=N
2019-07-26 15:03:07 -  - exec CUpdateClientPartner::GetHTTPPage
2019-07-26 15:03:07 -  - TIME GetUpdatesList(request) 0.204 sec
2019-07-26 15:03:07 -  - exec CUpdateClientPartner::ParseServerData
2019-07-26 15:03:07 -  - exec CUpdateClientPartner::GetUpdatesList
2019-07-26 15:03:07 -  - exec CUpdateClientPartner::__CollectRequestData
2019-07-26 15:03:07 -  - utf=Y&lang=ru&stable=Y&CANGZIP=Y&SUPD_DBS=MYSQL&XE=N&CLIENT_SITE=192.168.1.183&LICENSE_KEY=X&SUPD_STS=1&SUPD_URS=0&SUPD_URSA=3&TYPENC=D&CLIENT_PHPVER=7.1.30&NGINX=Y&dbv=5.7.26&instm=main%2C18.5.180%2CY%3Bb24connector%2C18.5.0%2CN%3Bbitrix.sitecorporate%2C15.5.0%2CN%3Bbitrix.siteinfoportal%2C15.5.0%2CN%3Bbitrix.sitepersonal%2C15.5.0%2CN%3Bbitrixcloud%2C18.5.0%2CN%3Bblog%2C18.1.0%2CN%3Bclouds%2C18.0.0%2CN%3Bcompression%2C16.0.0%2CN%3Bfileman%2C18.5.400%2CN%3Bform%2C18.0.0%2CN%3Bforum%2C18.0.5%2CN%3Bhighloadblock%2C18.5.100%2CN%3Biblock%2C18.6.400%2CN%3Blanding%2C18.6.75%2CN%3Bmessageservice%2C18.0.3%2CN%3Bmobileapp%2C18.5.100%2CN%3Bperfmon%2C18.5.0%2CN%3Bphotogallery%2C18.0.0%2CN%3Brest%2C18.5.7%2CN%3Bscale%2C17.5.0%2CN%3Bsearch%2C18.5.200%2CN%3Bsecurity%2C18.5.1%2CN%3Bseo%2C18.6.100%2CN%3Bsocialservices%2C18.5.100%2CN%3Bsubscribe%2C18.5.0%2CN%3Btranslate%2C18.0.0%2CN%3Bui%2C18.5.150%2CN%3Bvote%2C17.5.1%2CN&reqm=bitrix.sitecorporate%2Cbitrix.siteinfoportal%2Cbitrix.sitepersonal&fullmoduleinfo=Y&SUPD_SRS=RU&SUPD_CMP=N
2019-07-26 15:03:07 -  - exec CUpdateClientPartner::GetHTTPPage
2019-07-26 15:03:07 -  - TIME GetUpdatesList(request) 0.213 sec
2019-07-26 15:03:07 -  - exec CUpdateClientPartner::ParseServerData
2019-07-26 15:03:33 -  - exec CUpdateClientPartner::GetUpdatesList
2019-07-26 15:03:33 -  - exec CUpdateClientPartner::__CollectRequestData
2019-07-26 15:03:33 -  - utf=Y&lang=ru&stable=Y&CANGZIP=Y&SUPD_DBS=MYSQL&XE=N&CLIENT_SITE=192.168.1.183&LICENSE_KEY=X&SUPD_STS=1&SUPD_URS=0&SUPD_URSA=3&TYPENC=D&CLIENT_PHPVER=7.1.30&NGINX=Y&dbv=5.7.26&instm=main%2C18.5.180%2CY%3Bb24connector%2C18.5.0%2CN%3Bbitrix.sitecorporate%2C15.5.0%2CN%3Bbitrix.siteinfoportal%2C15.5.0%2CN%3Bbitrix.sitepersonal%2C15.5.0%2CN%3Bbitrixcloud%2C18.5.0%2CN%3Bblog%2C18.1.0%2CN%3Bclouds%2C18.0.0%2CN%3Bcompression%2C16.0.0%2CN%3Bfileman%2C18.5.400%2CN%3Bform%2C18.0.0%2CN%3Bforum%2C18.0.5%2CN%3Bhighloadblock%2C18.5.100%2CN%3Biblock%2C18.6.400%2CN%3Blanding%2C18.6.75%2CN%3Bmessageservice%2C18.0.3%2CN%3Bmobileapp%2C18.5.100%2CN%3Bperfmon%2C18.5.0%2CN%3Bphotogallery%2C18.0.0%2CN%3Brest%2C18.5.7%2CN%3Bscale%2C17.5.0%2CN%3Bsearch%2C18.5.200%2CN%3Bsecurity%2C18.5.1%2CN%3Bseo%2C18.6.100%2CN%3Bsocialservices%2C18.5.100%2CN%3Bsubscribe%2C18.5.0%2CN%3Btranslate%2C18.0.0%2CN%3Bui%2C18.5.150%2CN%3Bvote%2C17.5.1%2CN&reqm=bitrix.sitecorporate%2Cbitrix.siteinfoportal%2Cbitrix.sitepersonal&fullmoduleinfo=Y&SUPD_SRS=RU&SUPD_CMP=N
2019-07-26 15:03:33 -  - exec CUpdateClientPartner::GetHTTPPage
2019-07-26 15:03:33 -  - TIME GetUpdatesList(request) 0.282 sec
2019-07-26 15:03:33 -  - exec CUpdateClientPartner::ParseServerData
2019-07-26 15:11:18 -  - exec CUpdateClientPartner::GetUpdatesList
2019-07-26 15:11:18 -  - exec CUpdateClientPartner::__CollectRequestData
2019-07-26 15:11:18 -  - utf=Y&lang=ru&stable=Y&CANGZIP=Y&SUPD_DBS=MYSQL&XE=N&CLIENT_SITE=192.168.1.183&LICENSE_KEY=X&SUPD_STS=1&SUPD_URS=0&SUPD_URSA=3&TYPENC=D&CLIENT_PHPVER=7.1.30&NGINX=Y&dbv=5.7.26&instm=main%2C18.5.180%2CY%3Bb24connector%2C18.5.0%2CN%3Bbitrix.sitecorporate%2C15.5.0%2CN%3Bbitrix.siteinfoportal%2C15.5.0%2CN%3Bbitrix.sitepersonal%2C15.5.0%2CN%3Bbitrixcloud%2C18.5.0%2CN%3Bblog%2C18.1.0%2CN%3Bclouds%2C18.0.0%2CN%3Bcompression%2C16.0.0%2CN%3Bfileman%2C18.5.400%2CN%3Bform%2C18.0.0%2CN%3Bforum%2C18.0.5%2CN%3Bhighloadblock%2C18.5.100%2CN%3Biblock%2C18.6.400%2CN%3Blanding%2C18.6.75%2CN%3Bmessageservice%2C18.0.3%2CN%3Bmobileapp%2C18.5.100%2CN%3Bperfmon%2C18.5.0%2CN%3Bphotogallery%2C18.0.0%2CN%3Brest%2C18.5.7%2CN%3Bscale%2C17.5.0%2CN%3Bsearch%2C18.5.200%2CN%3Bsecurity%2C18.5.1%2CN%3Bseo%2C18.6.100%2CN%3Bsocialservices%2C18.5.100%2CN%3Bsubscribe%2C18.5.0%2CN%3Btranslate%2C18.0.0%2CN%3Bui%2C18.5.150%2CN%3Bvote%2C17.5.1%2CN&reqm=bitrix.sitecorporate%2Cbitrix.siteinfoportal%2Cbitrix.sitepersonal&fullmoduleinfo=Y&SUPD_SRS=RU&SUPD_CMP=N
2019-07-26 15:11:18 -  - exec CUpdateClientPartner::GetHTTPPage
2019-07-26 15:11:18 -  - TIME GetUpdatesList(request) 0.297 sec
2019-07-26 15:11:18 -  - exec CUpdateClientPartner::ParseServerData
2019-07-26 16:01:06 -  - exec CUpdateClientPartner::GetUpdatesList
2019-07-26 16:01:06 -  - exec CUpdateClientPartner::__CollectRequestData
2019-07-26 16:01:06 -  - utf=Y&lang=ru&stable=Y&CANGZIP=Y&SUPD_DBS=MYSQL&XE=N&CLIENT_SITE=192.168.1.183&LICENSE_KEY=X&SUPD_STS=1&SUPD_URS=0&SUPD_URSA=3&TYPENC=D&CLIENT_PHPVER=7.1.30&NGINX=Y&dbv=5.7.26&instm=main%2C18.5.180%2CY%3Bb24connector%2C18.5.0%2CN%3Bbitrix.sitecorporate%2C15.5.0%2CN%3Bbitrix.siteinfoportal%2C15.5.0%2CN%3Bbitrix.sitepersonal%2C15.5.0%2CN%3Bbitrixcloud%2C18.5.0%2CN%3Bblog%2C18.1.0%2CN%3Bclouds%2C18.0.0%2CN%3Bcompression%2C16.0.0%2CN%3Bfileman%2C18.5.400%2CN%3Bform%2C18.0.0%2CN%3Bforum%2C18.0.5%2CN%3Bhighloadblock%2C18.5.100%2CN%3Biblock%2C18.6.400%2CN%3Blanding%2C18.6.75%2CN%3Bmessageservice%2C18.0.3%2CN%3Bmobileapp%2C18.5.100%2CN%3Bperfmon%2C18.5.0%2CN%3Bphotogallery%2C18.0.0%2CN%3Brest%2C18.5.7%2CN%3Bscale%2C17.5.0%2CN%3Bsearch%2C18.5.200%2CN%3Bsecurity%2C18.5.1%2CN%3Bseo%2C18.6.100%2CN%3Bsocialservices%2C18.5.100%2CN%3Bsubscribe%2C18.5.0%2CN%3Btranslate%2C18.0.0%2CN%3Bui%2C18.5.150%2CN%3Bvote%2C17.5.1%2CN&reqm=bitrix.sitecorporate%2Cbitrix.siteinfoportal%2Cbitrix.sitepersonal&SUPD_SRS=RU&SUPD_CMP=N
2019-07-26 16:01:06 -  - exec CUpdateClientPartner::GetHTTPPage
2019-07-26 16:01:07 -  - TIME GetUpdatesList(request) 1.123 sec
2019-07-26 16:01:07 -  - exec CUpdateClientPartner::ParseServerData
2019-07-26 16:01:07 -  - exec CUpdateClientPartner::GetUpdatesList
2019-07-26 16:01:07 -  - exec CUpdateClientPartner::__CollectRequestData
2019-07-26 16:01:07 -  - utf=Y&lang=ru&stable=Y&CANGZIP=Y&SUPD_DBS=MYSQL&XE=N&CLIENT_SITE=192.168.1.183&LICENSE_KEY=X&SUPD_STS=1&SUPD_URS=0&SUPD_URSA=3&TYPENC=D&CLIENT_PHPVER=7.1.30&NGINX=Y&dbv=5.7.26&instm=main%2C18.5.180%2CY%3Bb24connector%2C18.5.0%2CN%3Bbitrix.sitecorporate%2C15.5.0%2CN%3Bbitrix.siteinfoportal%2C15.5.0%2CN%3Bbitrix.sitepersonal%2C15.5.0%2CN%3Bbitrixcloud%2C18.5.0%2CN%3Bblog%2C18.1.0%2CN%3Bclouds%2C18.0.0%2CN%3Bcompression%2C16.0.0%2CN%3Bfileman%2C18.5.400%2CN%3Bform%2C18.0.0%2CN%3Bforum%2C18.0.5%2CN%3Bhighloadblock%2C18.5.100%2CN%3Biblock%2C18.6.400%2CN%3Blanding%2C18.6.75%2CN%3Bmessageservice%2C18.0.3%2CN%3Bmobileapp%2C18.5.100%2CN%3Bperfmon%2C18.5.0%2CN%3Bphotogallery%2C18.0.0%2CN%3Brest%2C18.5.7%2CN%3Bscale%2C17.5.0%2CN%3Bsearch%2C18.5.200%2CN%3Bsecurity%2C18.5.1%2CN%3Bseo%2C18.6.100%2CN%3Bsocialservices%2C18.5.100%2CN%3Bsubscribe%2C18.5.0%2CN%3Btranslate%2C18.0.0%2CN%3Bui%2C18.5.150%2CN%3Bvote%2C17.5.1%2CN&reqm=bitrix.sitecorporate%2Cbitrix.siteinfoportal%2Cbitrix.sitepersonal&fullmoduleinfo=Y&SUPD_SRS=RU&SUPD_CMP=N
2019-07-26 16:01:07 -  - exec CUpdateClientPartner::GetHTTPPage
2019-07-26 16:01:07 -  - TIME GetUpdatesList(request) 0.252 sec
2019-07-26 16:01:07 -  - exec CUpdateClientPartner::ParseServerData
2019-07-26 16:01:23 -  - exec CUpdateClientPartner::GetUpdatesList
2019-07-26 16:01:23 -  - exec CUpdateClientPartner::__CollectRequestData
2019-07-26 16:01:23 -  - utf=Y&lang=ru&stable=Y&CANGZIP=Y&SUPD_DBS=MYSQL&XE=N&CLIENT_SITE=192.168.1.183&LICENSE_KEY=X&SUPD_STS=1&SUPD_URS=0&SUPD_URSA=3&TYPENC=D&CLIENT_PHPVER=7.1.30&NGINX=Y&dbv=5.7.26&instm=main%2C18.5.180%2CY%3Bb24connector%2C18.5.0%2CN%3Bbitrix.sitecorporate%2C15.5.0%2CN%3Bbitrix.siteinfoportal%2C15.5.0%2CN%3Bbitrix.sitepersonal%2C15.5.0%2CN%3Bbitrixcloud%2C18.5.0%2CN%3Bblog%2C18.1.0%2CN%3Bclouds%2C18.0.0%2CN%3Bcompression%2C16.0.0%2CN%3Bfileman%2C18.5.400%2CN%3Bform%2C18.0.0%2CN%3Bforum%2C18.0.5%2CN%3Bhighloadblock%2C18.5.100%2CN%3Biblock%2C18.6.400%2CN%3Blanding%2C18.6.75%2CN%3Bmessageservice%2C18.0.3%2CN%3Bmobileapp%2C18.5.100%2CN%3Bperfmon%2C18.5.0%2CN%3Bphotogallery%2C18.0.0%2CN%3Brest%2C18.5.7%2CN%3Bscale%2C17.5.0%2CN%3Bsearch%2C18.5.200%2CN%3Bsecurity%2C18.5.1%2CN%3Bseo%2C18.6.100%2CN%3Bsocialservices%2C18.5.100%2CN%3Bsubscribe%2C18.5.0%2CN%3Btranslate%2C18.0.0%2CN%3Bui%2C18.5.150%2CN%3Bvote%2C17.5.1%2CN&reqm=bitrix.sitecorporate%2Cbitrix.siteinfoportal%2Cbitrix.sitepersonal&fullmoduleinfo=Y&SUPD_SRS=RU&SUPD_CMP=N
2019-07-26 16:01:23 -  - exec CUpdateClientPartner::GetHTTPPage
2019-07-26 16:01:23 -  - TIME GetUpdatesList(request) 0.223 sec
2019-07-26 16:01:23 -  - exec CUpdateClientPartner::ParseServerData
2019-07-26 16:02:09 -  - exec CUpdateClientPartner::GetUpdatesList
2019-07-26 16:02:09 -  - exec CUpdateClientPartner::__CollectRequestData
2019-07-26 16:02:09 -  - utf=Y&lang=ru&stable=Y&CANGZIP=Y&SUPD_DBS=MYSQL&XE=N&CLIENT_SITE=192.168.1.183&LICENSE_KEY=X&SUPD_STS=1&SUPD_URS=0&SUPD_URSA=3&TYPENC=D&CLIENT_PHPVER=7.1.30&NGINX=Y&dbv=5.7.26&instm=main%2C18.5.180%2CY%3Bb24connector%2C18.5.0%2CN%3Bbitrix.sitecorporate%2C15.5.0%2CN%3Bbitrix.siteinfoportal%2C15.5.0%2CN%3Bbitrix.sitepersonal%2C15.5.0%2CN%3Bbitrixcloud%2C18.5.0%2CN%3Bblog%2C18.1.0%2CN%3Bclouds%2C18.0.0%2CN%3Bcompression%2C16.0.0%2CN%3Bfileman%2C18.5.400%2CN%3Bform%2C18.0.0%2CN%3Bforum%2C18.0.5%2CN%3Bhighloadblock%2C18.5.100%2CN%3Biblock%2C18.6.400%2CN%3Blanding%2C18.6.75%2CN%3Bmessageservice%2C18.0.3%2CN%3Bmobileapp%2C18.5.100%2CN%3Bperfmon%2C18.5.0%2CN%3Bphotogallery%2C18.0.0%2CN%3Brest%2C18.5.7%2CN%3Bscale%2C17.5.0%2CN%3Bsearch%2C18.5.200%2CN%3Bsecurity%2C18.5.1%2CN%3Bseo%2C18.6.100%2CN%3Bsocialservices%2C18.5.100%2CN%3Bsubscribe%2C18.5.0%2CN%3Btranslate%2C18.0.0%2CN%3Bui%2C18.5.150%2CN%3Bvote%2C17.5.1%2CN&reqm=bitrix.sitecorporate%2Cbitrix.siteinfoportal%2Cbitrix.sitepersonal&fullmoduleinfo=Y&SUPD_SRS=RU&SUPD_CMP=N
2019-07-26 16:02:09 -  - exec CUpdateClientPartner::GetHTTPPage
2019-07-26 16:02:09 -  - TIME GetUpdatesList(request) 0.278 sec
2019-07-26 16:02:09 -  - exec CUpdateClientPartner::ParseServerData
2019-07-26 16:02:12 -  - exec CUpdateClientPartner::GetUpdatesList
2019-07-26 16:02:12 -  - exec CUpdateClientPartner::__CollectRequestData
2019-07-26 16:02:12 -  - utf=Y&lang=ru&stable=Y&CANGZIP=Y&SUPD_DBS=MYSQL&XE=N&CLIENT_SITE=192.168.1.183&LICENSE_KEY=X&SUPD_STS=1&SUPD_URS=0&SUPD_URSA=3&TYPENC=D&CLIENT_PHPVER=7.1.30&NGINX=Y&dbv=5.7.26&instm=main%2C18.5.180%2CY%3Bb24connector%2C18.5.0%2CN%3Bbitrix.sitecorporate%2C15.5.0%2CN%3Bbitrix.siteinfoportal%2C15.5.0%2CN%3Bbitrix.sitepersonal%2C15.5.0%2CN%3Bbitrixcloud%2C18.5.0%2CN%3Bblog%2C18.1.0%2CN%3Bclouds%2C18.0.0%2CN%3Bcompression%2C16.0.0%2CN%3Bfileman%2C18.5.400%2CN%3Bform%2C18.0.0%2CN%3Bforum%2C18.0.5%2CN%3Bhighloadblock%2C18.5.100%2CN%3Biblock%2C18.6.400%2CN%3Blanding%2C18.6.75%2CN%3Bmessageservice%2C18.0.3%2CN%3Bmobileapp%2C18.5.100%2CN%3Bperfmon%2C18.5.0%2CN%3Bphotogallery%2C18.0.0%2CN%3Brest%2C18.5.7%2CN%3Bscale%2C17.5.0%2CN%3Bsearch%2C18.5.200%2CN%3Bsecurity%2C18.5.1%2CN%3Bseo%2C18.6.100%2CN%3Bsocialservices%2C18.5.100%2CN%3Bsubscribe%2C18.5.0%2CN%3Btranslate%2C18.0.0%2CN%3Bui%2C18.5.150%2CN%3Bvote%2C17.5.1%2CN&reqm=bitrix.sitecorporate%2Cbitrix.siteinfoportal%2Cbitrix.sitepersonal&fullmoduleinfo=Y&SUPD_SRS=RU&SUPD_CMP=N
2019-07-26 16:02:12 -  - exec CUpdateClientPartner::GetHTTPPage
2019-07-26 16:02:12 -  - TIME GetUpdatesList(request) 0.184 sec
2019-07-26 16:02:12 -  - exec CUpdateClientPartner::ParseServerData
2019-07-26 16:02:32 -  - exec CUpdateClientPartner::GetUpdatesList
2019-07-26 16:02:32 -  - exec CUpdateClientPartner::__CollectRequestData
2019-07-26 16:02:32 -  - utf=Y&lang=ru&stable=Y&CANGZIP=Y&SUPD_DBS=MYSQL&XE=N&CLIENT_SITE=192.168.1.183&LICENSE_KEY=X&SUPD_STS=1&SUPD_URS=0&SUPD_URSA=3&TYPENC=D&CLIENT_PHPVER=7.1.30&NGINX=Y&dbv=5.7.26&instm=main%2C18.5.180%2CY%3Bb24connector%2C18.5.0%2CN%3Bbitrix.sitecorporate%2C15.5.0%2CN%3Bbitrix.siteinfoportal%2C15.5.0%2CN%3Bbitrix.sitepersonal%2C15.5.0%2CN%3Bbitrixcloud%2C18.5.0%2CN%3Bblog%2C18.1.0%2CN%3Bclouds%2C18.0.0%2CN%3Bcompression%2C16.0.0%2CN%3Bfileman%2C18.5.400%2CN%3Bform%2C18.0.0%2CN%3Bforum%2C18.0.5%2CN%3Bhighloadblock%2C18.5.100%2CN%3Biblock%2C18.6.400%2CN%3Blanding%2C18.6.75%2CN%3Bmessageservice%2C18.0.3%2CN%3Bmobileapp%2C18.5.100%2CN%3Bperfmon%2C18.5.0%2CN%3Bphotogallery%2C18.0.0%2CN%3Brest%2C18.5.7%2CN%3Bscale%2C17.5.0%2CN%3Bsearch%2C18.5.200%2CN%3Bsecurity%2C18.5.1%2CN%3Bseo%2C18.6.100%2CN%3Bsocialservices%2C18.5.100%2CN%3Bsubscribe%2C18.5.0%2CN%3Btranslate%2C18.0.0%2CN%3Bui%2C18.5.150%2CN%3Bvote%2C17.5.1%2CN&reqm=bitrix.sitecorporate%2Cbitrix.siteinfoportal%2Cbitrix.sitepersonal&fullmoduleinfo=Y&SUPD_SRS=RU&SUPD_CMP=N
2019-07-26 16:02:32 -  - exec CUpdateClientPartner::GetHTTPPage
2019-07-26 16:02:32 -  - TIME GetUpdatesList(request) 0.214 sec
2019-07-26 16:02:32 -  - exec CUpdateClientPartner::ParseServerData
2019-07-26 16:02:35 -  - exec CUpdateClientPartner::GetUpdatesList
2019-07-26 16:02:35 -  - exec CUpdateClientPartner::__CollectRequestData
2019-07-26 16:02:35 -  - utf=Y&lang=ru&stable=Y&CANGZIP=Y&SUPD_DBS=MYSQL&XE=N&CLIENT_SITE=192.168.1.183&LICENSE_KEY=X&SUPD_STS=1&SUPD_URS=0&SUPD_URSA=3&TYPENC=D&CLIENT_PHPVER=7.1.30&NGINX=Y&dbv=5.7.26&instm=main%2C18.5.180%2CY%3Bb24connector%2C18.5.0%2CN%3Bbitrix.sitecorporate%2C15.5.0%2CN%3Bbitrix.siteinfoportal%2C15.5.0%2CN%3Bbitrix.sitepersonal%2C15.5.0%2CN%3Bbitrixcloud%2C18.5.0%2CN%3Bblog%2C18.1.0%2CN%3Bclouds%2C18.0.0%2CN%3Bcompression%2C16.0.0%2CN%3Bfileman%2C18.5.400%2CN%3Bform%2C18.0.0%2CN%3Bforum%2C18.0.5%2CN%3Bhighloadblock%2C18.5.100%2CN%3Biblock%2C18.6.400%2CN%3Blanding%2C18.6.75%2CN%3Bmessageservice%2C18.0.3%2CN%3Bmobileapp%2C18.5.100%2CN%3Bperfmon%2C18.5.0%2CN%3Bphotogallery%2C18.0.0%2CN%3Brest%2C18.5.7%2CN%3Bscale%2C17.5.0%2CN%3Bsearch%2C18.5.200%2CN%3Bsecurity%2C18.5.1%2CN%3Bseo%2C18.6.100%2CN%3Bsocialservices%2C18.5.100%2CN%3Bsubscribe%2C18.5.0%2CN%3Btranslate%2C18.0.0%2CN%3Bui%2C18.5.150%2CN%3Bvote%2C17.5.1%2CN&reqm=bitrix.sitecorporate%2Cbitrix.siteinfoportal%2Cbitrix.sitepersonal&fullmoduleinfo=Y&SUPD_SRS=RU&SUPD_CMP=N
2019-07-26 16:02:35 -  - exec CUpdateClientPartner::GetHTTPPage
2019-07-26 16:02:35 -  - TIME GetUpdatesList(request) 0.21 sec
2019-07-26 16:02:35 -  - exec CUpdateClientPartner::ParseServerData
2019-07-26 16:02:52 -  - exec CUpdateClientPartner::GetUpdatesList
2019-07-26 16:02:52 -  - exec CUpdateClientPartner::__CollectRequestData
2019-07-26 16:02:52 -  - utf=Y&lang=ru&stable=Y&CANGZIP=Y&SUPD_DBS=MYSQL&XE=N&CLIENT_SITE=192.168.1.183&LICENSE_KEY=X&SUPD_STS=1&SUPD_URS=0&SUPD_URSA=3&TYPENC=D&CLIENT_PHPVER=7.1.30&NGINX=Y&dbv=5.7.26&instm=main%2C18.5.180%2CY%3Bb24connector%2C18.5.0%2CN%3Bbitrix.sitecorporate%2C15.5.0%2CN%3Bbitrix.siteinfoportal%2C15.5.0%2CN%3Bbitrix.sitepersonal%2C15.5.0%2CN%3Bbitrixcloud%2C18.5.0%2CN%3Bblog%2C18.1.0%2CN%3Bclouds%2C18.0.0%2CN%3Bcompression%2C16.0.0%2CN%3Bfileman%2C18.5.400%2CN%3Bform%2C18.0.0%2CN%3Bforum%2C18.0.5%2CN%3Bhighloadblock%2C18.5.100%2CN%3Biblock%2C18.6.400%2CN%3Blanding%2C18.6.75%2CN%3Bmessageservice%2C18.0.3%2CN%3Bmobileapp%2C18.5.100%2CN%3Bperfmon%2C18.5.0%2CN%3Bphotogallery%2C18.0.0%2CN%3Brest%2C18.5.7%2CN%3Bscale%2C17.5.0%2CN%3Bsearch%2C18.5.200%2CN%3Bsecurity%2C18.5.1%2CN%3Bseo%2C18.6.100%2CN%3Bsocialservices%2C18.5.100%2CN%3Bsubscribe%2C18.5.0%2CN%3Btranslate%2C18.0.0%2CN%3Bui%2C18.5.150%2CN%3Bvote%2C17.5.1%2CN&reqm=bitrix.sitecorporate%2Cbitrix.siteinfoportal%2Cbitrix.sitepersonal&fullmoduleinfo=Y&SUPD_SRS=RU&SUPD_CMP=N
2019-07-26 16:02:52 -  - exec CUpdateClientPartner::GetHTTPPage
2019-07-26 16:02:52 -  - TIME GetUpdatesList(request) 0.241 sec
2019-07-26 16:02:52 -  - exec CUpdateClientPartner::ParseServerData
2019-07-26 16:18:55 -  - exec CUpdateClientPartner::GetUpdatesList
2019-07-26 16:18:55 -  - exec CUpdateClientPartner::__CollectRequestData
2019-07-26 16:18:55 -  - utf=Y&lang=ru&stable=Y&CANGZIP=Y&SUPD_DBS=MYSQL&XE=N&CLIENT_SITE=192.168.1.183&LICENSE_KEY=X&SUPD_STS=1&SUPD_URS=0&SUPD_URSA=3&TYPENC=D&CLIENT_PHPVER=7.1.30&NGINX=Y&dbv=5.7.26&instm=main%2C18.5.180%2CY%3Bb24connector%2C18.5.0%2CN%3Bbitrix.sitecorporate%2C15.5.0%2CN%3Bbitrix.siteinfoportal%2C15.5.0%2CN%3Bbitrix.sitepersonal%2C15.5.0%2CN%3Bbitrixcloud%2C18.5.0%2CN%3Bblog%2C18.1.0%2CN%3Bclouds%2C18.0.0%2CN%3Bcompression%2C16.0.0%2CN%3Bfileman%2C18.5.400%2CN%3Bform%2C18.0.0%2CN%3Bforum%2C18.0.5%2CN%3Bhighloadblock%2C18.5.100%2CN%3Biblock%2C18.6.400%2CN%3Blanding%2C18.6.75%2CN%3Bmessageservice%2C18.0.3%2CN%3Bmobileapp%2C18.5.100%2CN%3Bperfmon%2C18.5.0%2CN%3Bphotogallery%2C18.0.0%2CN%3Brest%2C18.5.7%2CN%3Bscale%2C17.5.0%2CN%3Bsearch%2C18.5.200%2CN%3Bsecurity%2C18.5.1%2CN%3Bseo%2C18.6.100%2CN%3Bsocialservices%2C18.5.100%2CN%3Bsubscribe%2C18.5.0%2CN%3Btranslate%2C18.0.0%2CN%3Bui%2C18.5.150%2CN%3Bvote%2C17.5.1%2CN&reqm=bitrix.sitecorporate%2Cbitrix.siteinfoportal%2Cbitrix.sitepersonal&SUPD_SRS=RU&SUPD_CMP=N
2019-07-26 16:18:55 -  - exec CUpdateClientPartner::GetHTTPPage
2019-07-26 16:18:55 -  - TIME GetUpdatesList(request) 0.256 sec
2019-07-26 16:18:55 -  - exec CUpdateClientPartner::ParseServerData
2019-07-26 16:19:00 -  - exec CUpdateClientPartner::GetUpdatesList
2019-07-26 16:19:00 -  - exec CUpdateClientPartner::__CollectRequestData
2019-07-26 16:19:00 -  - utf=Y&lang=ru&stable=Y&CANGZIP=Y&SUPD_DBS=MYSQL&XE=N&CLIENT_SITE=192.168.1.183&LICENSE_KEY=X&SUPD_STS=1&SUPD_URS=0&SUPD_URSA=3&TYPENC=D&CLIENT_PHPVER=7.1.30&NGINX=Y&dbv=5.7.26&instm=main%2C18.5.180%2CY%3Bb24connector%2C18.5.0%2CN%3Bbitrix.sitecorporate%2C15.5.0%2CN%3Bbitrix.siteinfoportal%2C15.5.0%2CN%3Bbitrix.sitepersonal%2C15.5.0%2CN%3Bbitrixcloud%2C18.5.0%2CN%3Bblog%2C18.1.0%2CN%3Bclouds%2C18.0.0%2CN%3Bcompression%2C16.0.0%2CN%3Bfileman%2C18.5.400%2CN%3Bform%2C18.0.0%2CN%3Bforum%2C18.0.5%2CN%3Bhighloadblock%2C18.5.100%2CN%3Biblock%2C18.6.400%2CN%3Blanding%2C18.6.75%2CN%3Bmessageservice%2C18.0.3%2CN%3Bmobileapp%2C18.5.100%2CN%3Bperfmon%2C18.5.0%2CN%3Bphotogallery%2C18.0.0%2CN%3Brest%2C18.5.7%2CN%3Bscale%2C17.5.0%2CN%3Bsearch%2C18.5.200%2CN%3Bsecurity%2C18.5.1%2CN%3Bseo%2C18.6.100%2CN%3Bsocialservices%2C18.5.100%2CN%3Bsubscribe%2C18.5.0%2CN%3Btranslate%2C18.0.0%2CN%3Bui%2C18.5.150%2CN%3Bvote%2C17.5.1%2CN&reqm=bitrix.sitecorporate%2Cbitrix.siteinfoportal%2Cbitrix.sitepersonal&fullmoduleinfo=Y&SUPD_SRS=RU&SUPD_CMP=N
2019-07-26 16:19:00 -  - exec CUpdateClientPartner::GetHTTPPage
2019-07-26 16:19:00 -  - TIME GetUpdatesList(request) 0.555 sec
2019-07-26 16:19:00 -  - exec CUpdateClientPartner::ParseServerData
2019-07-26 16:19:06 -  - exec CUpdateClientPartner::GetUpdatesList
2019-07-26 16:19:06 -  - exec CUpdateClientPartner::__CollectRequestData
2019-07-26 16:19:06 -  - utf=Y&lang=ru&stable=Y&CANGZIP=Y&SUPD_DBS=MYSQL&XE=N&CLIENT_SITE=192.168.1.183&LICENSE_KEY=X&SUPD_STS=1&SUPD_URS=0&SUPD_URSA=3&TYPENC=D&CLIENT_PHPVER=7.1.30&NGINX=Y&dbv=5.7.26&instm=main%2C18.5.180%2CY%3Bb24connector%2C18.5.0%2CN%3Bbitrix.sitecorporate%2C15.5.0%2CN%3Bbitrix.siteinfoportal%2C15.5.0%2CN%3Bbitrix.sitepersonal%2C15.5.0%2CN%3Bbitrixcloud%2C18.5.0%2CN%3Bblog%2C18.1.0%2CN%3Bclouds%2C18.0.0%2CN%3Bcompression%2C16.0.0%2CN%3Bfileman%2C18.5.400%2CN%3Bform%2C18.0.0%2CN%3Bforum%2C18.0.5%2CN%3Bhighloadblock%2C18.5.100%2CN%3Biblock%2C18.6.400%2CN%3Blanding%2C18.6.75%2CN%3Bmessageservice%2C18.0.3%2CN%3Bmobileapp%2C18.5.100%2CN%3Bperfmon%2C18.5.0%2CN%3Bphotogallery%2C18.0.0%2CN%3Brest%2C18.5.7%2CN%3Bscale%2C17.5.0%2CN%3Bsearch%2C18.5.200%2CN%3Bsecurity%2C18.5.1%2CN%3Bseo%2C18.6.100%2CN%3Bsocialservices%2C18.5.100%2CN%3Bsubscribe%2C18.5.0%2CN%3Btranslate%2C18.0.0%2CN%3Bui%2C18.5.150%2CN%3Bvote%2C17.5.1%2CN&reqm=bitrix.sitecorporate%2Cbitrix.siteinfoportal%2Cbitrix.sitepersonal&fullmoduleinfo=Y&SUPD_SRS=RU&SUPD_CMP=N
2019-07-26 16:19:06 -  - exec CUpdateClientPartner::GetHTTPPage
2019-07-26 16:19:06 -  - TIME GetUpdatesList(request) 0.549 sec
2019-07-26 16:19:06 -  - exec CUpdateClientPartner::ParseServerData
2019-07-26 16:19:06 -  - exec CUpdateClientPartner::GetUpdatesList
2019-07-26 16:19:06 -  - exec CUpdateClientPartner::__CollectRequestData
2019-07-26 16:19:06 -  - utf=Y&lang=ru&stable=Y&CANGZIP=Y&SUPD_DBS=MYSQL&XE=N&CLIENT_SITE=192.168.1.183&LICENSE_KEY=X&SUPD_STS=1&SUPD_URS=0&SUPD_URSA=3&TYPENC=D&CLIENT_PHPVER=7.1.30&NGINX=Y&dbv=5.7.26&instm=main%2C18.5.180%2CY%3Bb24connector%2C18.5.0%2CN%3Bbitrix.sitecorporate%2C15.5.0%2CN%3Bbitrix.siteinfoportal%2C15.5.0%2CN%3Bbitrix.sitepersonal%2C15.5.0%2CN%3Bbitrixcloud%2C18.5.0%2CN%3Bblog%2C18.1.0%2CN%3Bclouds%2C18.0.0%2CN%3Bcompression%2C16.0.0%2CN%3Bfileman%2C18.5.400%2CN%3Bform%2C18.0.0%2CN%3Bforum%2C18.0.5%2CN%3Bhighloadblock%2C18.5.100%2CN%3Biblock%2C18.6.400%2CN%3Blanding%2C18.6.75%2CN%3Bmessageservice%2C18.0.3%2CN%3Bmobileapp%2C18.5.100%2CN%3Bperfmon%2C18.5.0%2CN%3Bphotogallery%2C18.0.0%2CN%3Brest%2C18.5.7%2CN%3Bscale%2C17.5.0%2CN%3Bsearch%2C18.5.200%2CN%3Bsecurity%2C18.5.1%2CN%3Bseo%2C18.6.100%2CN%3Bsocialservices%2C18.5.100%2CN%3Bsubscribe%2C18.5.0%2CN%3Btranslate%2C18.0.0%2CN%3Bui%2C18.5.150%2CN%3Bvote%2C17.5.1%2CN&reqm=bitrix.sitecorporate%2Cbitrix.siteinfoportal%2Cbitrix.sitepersonal&fullmoduleinfo=Y&SUPD_SRS=RU&SUPD_CMP=N
2019-07-26 16:19:06 -  - exec CUpdateClientPartner::GetHTTPPage
2019-07-26 16:19:06 -  - TIME GetUpdatesList(request) 0.201 sec
2019-07-26 16:19:06 -  - exec CUpdateClientPartner::ParseServerData
2019-07-26 16:19:11 -  - exec CUpdateClientPartner::GetUpdatesList
2019-07-26 16:19:11 -  - exec CUpdateClientPartner::__CollectRequestData
2019-07-26 16:19:11 -  - utf=Y&lang=ru&stable=Y&CANGZIP=Y&SUPD_DBS=MYSQL&XE=N&CLIENT_SITE=192.168.1.183&LICENSE_KEY=X&SUPD_STS=1&SUPD_URS=0&SUPD_URSA=3&TYPENC=D&CLIENT_PHPVER=7.1.30&NGINX=Y&dbv=5.7.26&instm=main%2C18.5.180%2CY%3Bb24connector%2C18.5.0%2CN%3Bbitrix.sitecorporate%2C15.5.0%2CN%3Bbitrix.siteinfoportal%2C15.5.0%2CN%3Bbitrix.sitepersonal%2C15.5.0%2CN%3Bbitrixcloud%2C18.5.0%2CN%3Bblog%2C18.1.0%2CN%3Bclouds%2C18.0.0%2CN%3Bcompression%2C16.0.0%2CN%3Bfileman%2C18.5.400%2CN%3Bform%2C18.0.0%2CN%3Bforum%2C18.0.5%2CN%3Bhighloadblock%2C18.5.100%2CN%3Biblock%2C18.6.400%2CN%3Blanding%2C18.6.75%2CN%3Bmessageservice%2C18.0.3%2CN%3Bmobileapp%2C18.5.100%2CN%3Bperfmon%2C18.5.0%2CN%3Bphotogallery%2C18.0.0%2CN%3Brest%2C18.5.7%2CN%3Bscale%2C17.5.0%2CN%3Bsearch%2C18.5.200%2CN%3Bsecurity%2C18.5.1%2CN%3Bseo%2C18.6.100%2CN%3Bsocialservices%2C18.5.100%2CN%3Bsubscribe%2C18.5.0%2CN%3Btranslate%2C18.0.0%2CN%3Bui%2C18.5.150%2CN%3Bvote%2C17.5.1%2CN&reqm=bitrix.sitecorporate%2Cbitrix.siteinfoportal%2Cbitrix.sitepersonal&fullmoduleinfo=Y&SUPD_SRS=RU&SUPD_CMP=N
2019-07-26 16:19:11 -  - exec CUpdateClientPartner::GetHTTPPage
2019-07-26 16:19:12 -  - TIME GetUpdatesList(request) 0.199 sec
2019-07-26 16:19:12 -  - exec CUpdateClientPartner::ParseServerData
2019-07-26 16:33:07 -  - exec CUpdateClientPartner::GetUpdatesList
2019-07-26 16:33:07 -  - exec CUpdateClientPartner::__CollectRequestData
2019-07-26 16:33:07 -  - utf=Y&lang=ru&stable=Y&CANGZIP=Y&SUPD_DBS=MYSQL&XE=N&CLIENT_SITE=192.168.1.183&LICENSE_KEY=X&SUPD_STS=1&SUPD_URS=0&SUPD_URSA=3&TYPENC=D&CLIENT_PHPVER=7.1.30&NGINX=Y&dbv=5.7.26&instm=main%2C18.5.180%2CY%3Bb24connector%2C18.5.0%2CN%3Bbitrix.sitecorporate%2C15.5.0%2CN%3Bbitrix.siteinfoportal%2C15.5.0%2CN%3Bbitrix.sitepersonal%2C15.5.0%2CN%3Bbitrixcloud%2C18.5.0%2CN%3Bblog%2C18.1.0%2CN%3Bclouds%2C18.0.0%2CN%3Bcompression%2C16.0.0%2CN%3Bfileman%2C18.5.400%2CN%3Bform%2C18.0.0%2CN%3Bforum%2C18.0.5%2CN%3Bhighloadblock%2C18.5.100%2CN%3Biblock%2C18.6.400%2CN%3Blanding%2C18.6.75%2CN%3Bmessageservice%2C18.0.3%2CN%3Bmobileapp%2C18.5.100%2CN%3Bperfmon%2C18.5.0%2CN%3Bphotogallery%2C18.0.0%2CN%3Brest%2C18.5.7%2CN%3Bscale%2C17.5.0%2CN%3Bsearch%2C18.5.200%2CN%3Bsecurity%2C18.5.1%2CN%3Bseo%2C18.6.100%2CN%3Bsocialservices%2C18.5.100%2CN%3Bsubscribe%2C18.5.0%2CN%3Btranslate%2C18.0.0%2CN%3Bui%2C18.5.150%2CN%3Bvote%2C17.5.1%2CN&reqm=bitrix.sitecorporate%2Cbitrix.siteinfoportal%2Cbitrix.sitepersonal&fullmoduleinfo=Y&SUPD_SRS=RU&SUPD_CMP=N
2019-07-26 16:33:07 -  - exec CUpdateClientPartner::GetHTTPPage
2019-07-26 16:33:07 -  - TIME GetUpdatesList(request) 0.292 sec
2019-07-26 16:33:07 -  - exec CUpdateClientPartner::ParseServerData
2019-07-26 16:33:14 -  - exec CUpdateClientPartner::GetUpdatesList
2019-07-26 16:33:14 -  - exec CUpdateClientPartner::__CollectRequestData
2019-07-26 16:33:14 -  - utf=Y&lang=ru&stable=Y&CANGZIP=Y&SUPD_DBS=MYSQL&XE=N&CLIENT_SITE=192.168.1.183&LICENSE_KEY=X&SUPD_STS=1&SUPD_URS=0&SUPD_URSA=3&TYPENC=D&CLIENT_PHPVER=7.1.30&NGINX=Y&dbv=5.7.26&instm=main%2C18.5.180%2CY%3Bb24connector%2C18.5.0%2CN%3Bbitrix.sitecorporate%2C15.5.0%2CN%3Bbitrix.siteinfoportal%2C15.5.0%2CN%3Bbitrix.sitepersonal%2C15.5.0%2CN%3Bbitrixcloud%2C18.5.0%2CN%3Bblog%2C18.1.0%2CN%3Bclouds%2C18.0.0%2CN%3Bcompression%2C16.0.0%2CN%3Bfileman%2C18.5.400%2CN%3Bform%2C18.0.0%2CN%3Bforum%2C18.0.5%2CN%3Bhighloadblock%2C18.5.100%2CN%3Biblock%2C18.6.400%2CN%3Blanding%2C18.6.75%2CN%3Bmessageservice%2C18.0.3%2CN%3Bmobileapp%2C18.5.100%2CN%3Bperfmon%2C18.5.0%2CN%3Bphotogallery%2C18.0.0%2CN%3Brest%2C18.5.7%2CN%3Bscale%2C17.5.0%2CN%3Bsearch%2C18.5.200%2CN%3Bsecurity%2C18.5.1%2CN%3Bseo%2C18.6.100%2CN%3Bsocialservices%2C18.5.100%2CN%3Bsubscribe%2C18.5.0%2CN%3Btranslate%2C18.0.0%2CN%3Bui%2C18.5.150%2CN%3Bvote%2C17.5.1%2CN&reqm=bitrix.sitecorporate%2Cbitrix.siteinfoportal%2Cbitrix.sitepersonal&fullmoduleinfo=Y&SUPD_SRS=RU&SUPD_CMP=N
2019-07-26 16:33:14 -  - exec CUpdateClientPartner::GetHTTPPage
2019-07-26 16:33:14 -  - TIME GetUpdatesList(request) 0.196 sec
2019-07-26 16:33:14 -  - exec CUpdateClientPartner::ParseServerData
2019-07-26 16:33:14 -  - exec CUpdateClientPartner::GetUpdatesList
2019-07-26 16:33:14 -  - exec CUpdateClientPartner::__CollectRequestData
2019-07-26 16:33:14 -  - utf=Y&lang=ru&stable=Y&CANGZIP=Y&SUPD_DBS=MYSQL&XE=N&CLIENT_SITE=192.168.1.183&LICENSE_KEY=X&SUPD_STS=1&SUPD_URS=0&SUPD_URSA=3&TYPENC=D&CLIENT_PHPVER=7.1.30&NGINX=Y&dbv=5.7.26&instm=main%2C18.5.180%2CY%3Bb24connector%2C18.5.0%2CN%3Bbitrix.sitecorporate%2C15.5.0%2CN%3Bbitrix.siteinfoportal%2C15.5.0%2CN%3Bbitrix.sitepersonal%2C15.5.0%2CN%3Bbitrixcloud%2C18.5.0%2CN%3Bblog%2C18.1.0%2CN%3Bclouds%2C18.0.0%2CN%3Bcompression%2C16.0.0%2CN%3Bfileman%2C18.5.400%2CN%3Bform%2C18.0.0%2CN%3Bforum%2C18.0.5%2CN%3Bhighloadblock%2C18.5.100%2CN%3Biblock%2C18.6.400%2CN%3Blanding%2C18.6.75%2CN%3Bmessageservice%2C18.0.3%2CN%3Bmobileapp%2C18.5.100%2CN%3Bperfmon%2C18.5.0%2CN%3Bphotogallery%2C18.0.0%2CN%3Brest%2C18.5.7%2CN%3Bscale%2C17.5.0%2CN%3Bsearch%2C18.5.200%2CN%3Bsecurity%2C18.5.1%2CN%3Bseo%2C18.6.100%2CN%3Bsocialservices%2C18.5.100%2CN%3Bsubscribe%2C18.5.0%2CN%3Btranslate%2C18.0.0%2CN%3Bui%2C18.5.150%2CN%3Bvote%2C17.5.1%2CN&reqm=bitrix.sitecorporate%2Cbitrix.siteinfoportal%2Cbitrix.sitepersonal&fullmoduleinfo=Y&SUPD_SRS=RU&SUPD_CMP=N
2019-07-26 16:33:14 -  - exec CUpdateClientPartner::GetHTTPPage
2019-07-26 16:33:14 -  - TIME GetUpdatesList(request) 0.207 sec
2019-07-26 16:33:14 -  - exec CUpdateClientPartner::ParseServerData
2019-07-26 16:33:17 -  - exec CUpdateClientPartner::GetUpdatesList
2019-07-26 16:33:17 -  - exec CUpdateClientPartner::__CollectRequestData
2019-07-26 16:33:17 -  - utf=Y&lang=ru&stable=Y&CANGZIP=Y&SUPD_DBS=MYSQL&XE=N&CLIENT_SITE=192.168.1.183&LICENSE_KEY=X&SUPD_STS=1&SUPD_URS=0&SUPD_URSA=3&TYPENC=D&CLIENT_PHPVER=7.1.30&NGINX=Y&dbv=5.7.26&instm=main%2C18.5.180%2CY%3Bb24connector%2C18.5.0%2CN%3Bbitrix.sitecorporate%2C15.5.0%2CN%3Bbitrix.siteinfoportal%2C15.5.0%2CN%3Bbitrix.sitepersonal%2C15.5.0%2CN%3Bbitrixcloud%2C18.5.0%2CN%3Bblog%2C18.1.0%2CN%3Bclouds%2C18.0.0%2CN%3Bcompression%2C16.0.0%2CN%3Bfileman%2C18.5.400%2CN%3Bform%2C18.0.0%2CN%3Bforum%2C18.0.5%2CN%3Bhighloadblock%2C18.5.100%2CN%3Biblock%2C18.6.400%2CN%3Blanding%2C18.6.75%2CN%3Bmessageservice%2C18.0.3%2CN%3Bmobileapp%2C18.5.100%2CN%3Bperfmon%2C18.5.0%2CN%3Bphotogallery%2C18.0.0%2CN%3Brest%2C18.5.7%2CN%3Bscale%2C17.5.0%2CN%3Bsearch%2C18.5.200%2CN%3Bsecurity%2C18.5.1%2CN%3Bseo%2C18.6.100%2CN%3Bsocialservices%2C18.5.100%2CN%3Bsubscribe%2C18.5.0%2CN%3Btranslate%2C18.0.0%2CN%3Bui%2C18.5.150%2CN%3Bvote%2C17.5.1%2CN&reqm=bitrix.sitecorporate%2Cbitrix.siteinfoportal%2Cbitrix.sitepersonal&fullmoduleinfo=Y&SUPD_SRS=RU&SUPD_CMP=N
2019-07-26 16:33:17 -  - exec CUpdateClientPartner::GetHTTPPage
2019-07-26 16:33:18 -  - TIME GetUpdatesList(request) 0.238 sec
2019-07-26 16:33:18 -  - exec CUpdateClientPartner::ParseServerData
2019-07-26 16:33:18 -  - exec CUpdateClientPartner::GetUpdatesList
2019-07-26 16:33:18 -  - exec CUpdateClientPartner::__CollectRequestData
2019-07-26 16:33:18 -  - utf=Y&lang=ru&stable=Y&CANGZIP=Y&SUPD_DBS=MYSQL&XE=N&CLIENT_SITE=192.168.1.183&LICENSE_KEY=X&SUPD_STS=1&SUPD_URS=0&SUPD_URSA=3&TYPENC=D&CLIENT_PHPVER=7.1.30&NGINX=Y&dbv=5.7.26&instm=main%2C18.5.180%2CY%3Bb24connector%2C18.5.0%2CN%3Bbitrix.sitecorporate%2C15.5.0%2CN%3Bbitrix.siteinfoportal%2C15.5.0%2CN%3Bbitrix.sitepersonal%2C15.5.0%2CN%3Bbitrixcloud%2C18.5.0%2CN%3Bblog%2C18.1.0%2CN%3Bclouds%2C18.0.0%2CN%3Bcompression%2C16.0.0%2CN%3Bfileman%2C18.5.400%2CN%3Bform%2C18.0.0%2CN%3Bforum%2C18.0.5%2CN%3Bhighloadblock%2C18.5.100%2CN%3Biblock%2C18.6.400%2CN%3Blanding%2C18.6.75%2CN%3Bmessageservice%2C18.0.3%2CN%3Bmobileapp%2C18.5.100%2CN%3Bperfmon%2C18.5.0%2CN%3Bphotogallery%2C18.0.0%2CN%3Brest%2C18.5.7%2CN%3Bscale%2C17.5.0%2CN%3Bsearch%2C18.5.200%2CN%3Bsecurity%2C18.5.1%2CN%3Bseo%2C18.6.100%2CN%3Bsocialservices%2C18.5.100%2CN%3Bsubscribe%2C18.5.0%2CN%3Btranslate%2C18.0.0%2CN%3Bui%2C18.5.150%2CN%3Bvote%2C17.5.1%2CN&reqm=bitrix.sitecorporate%2Cbitrix.siteinfoportal%2Cbitrix.sitepersonal&fullmoduleinfo=Y&SUPD_SRS=RU&SUPD_CMP=N
2019-07-26 16:33:18 -  - exec CUpdateClientPartner::GetHTTPPage
2019-07-26 16:33:18 -  - TIME GetUpdatesList(request) 0.195 sec
2019-07-26 16:33:18 -  - exec CUpdateClientPartner::ParseServerData
2019-07-26 16:33:47 -  - exec CUpdateClientPartner::GetUpdatesList
2019-07-26 16:33:47 -  - exec CUpdateClientPartner::__CollectRequestData
2019-07-26 16:33:47 -  - utf=Y&lang=ru&stable=Y&CANGZIP=Y&SUPD_DBS=MYSQL&XE=N&CLIENT_SITE=192.168.1.183&LICENSE_KEY=X&SUPD_STS=1&SUPD_URS=0&SUPD_URSA=3&TYPENC=D&CLIENT_PHPVER=7.1.30&NGINX=Y&dbv=5.7.26&instm=main%2C18.5.180%2CY%3Bb24connector%2C18.5.0%2CN%3Bbitrix.sitecorporate%2C15.5.0%2CN%3Bbitrix.siteinfoportal%2C15.5.0%2CN%3Bbitrix.sitepersonal%2C15.5.0%2CN%3Bbitrixcloud%2C18.5.0%2CN%3Bblog%2C18.1.0%2CN%3Bclouds%2C18.0.0%2CN%3Bcompression%2C16.0.0%2CN%3Bfileman%2C18.5.400%2CN%3Bform%2C18.0.0%2CN%3Bforum%2C18.0.5%2CN%3Bhighloadblock%2C18.5.100%2CN%3Biblock%2C18.6.400%2CN%3Blanding%2C18.6.75%2CN%3Bmessageservice%2C18.0.3%2CN%3Bmobileapp%2C18.5.100%2CN%3Bperfmon%2C18.5.0%2CN%3Bphotogallery%2C18.0.0%2CN%3Brest%2C18.5.7%2CN%3Bscale%2C17.5.0%2CN%3Bsearch%2C18.5.200%2CN%3Bsecurity%2C18.5.1%2CN%3Bseo%2C18.6.100%2CN%3Bsocialservices%2C18.5.100%2CN%3Bsubscribe%2C18.5.0%2CN%3Btranslate%2C18.0.0%2CN%3Bui%2C18.5.150%2CN%3Bvote%2C17.5.1%2CN&reqm=bitrix.sitecorporate%2Cbitrix.siteinfoportal%2Cbitrix.sitepersonal&fullmoduleinfo=Y&SUPD_SRS=RU&SUPD_CMP=N
2019-07-26 16:33:47 -  - exec CUpdateClientPartner::GetHTTPPage
2019-07-26 16:33:48 -  - TIME GetUpdatesList(request) 0.184 sec
2019-07-26 16:33:48 -  - exec CUpdateClientPartner::ParseServerData
2019-07-26 16:33:52 -  - exec CUpdateClientPartner::GetUpdatesList
2019-07-26 16:33:52 -  - exec CUpdateClientPartner::__CollectRequestData
2019-07-26 16:33:52 -  - utf=Y&lang=ru&stable=Y&CANGZIP=Y&SUPD_DBS=MYSQL&XE=N&CLIENT_SITE=192.168.1.183&LICENSE_KEY=X&SUPD_STS=1&SUPD_URS=0&SUPD_URSA=3&TYPENC=D&CLIENT_PHPVER=7.1.30&NGINX=Y&dbv=5.7.26&instm=main%2C18.5.180%2CY%3Bb24connector%2C18.5.0%2CN%3Bbitrix.sitecorporate%2C15.5.0%2CN%3Bbitrix.siteinfoportal%2C15.5.0%2CN%3Bbitrix.sitepersonal%2C15.5.0%2CN%3Bbitrixcloud%2C18.5.0%2CN%3Bblog%2C18.1.0%2CN%3Bclouds%2C18.0.0%2CN%3Bcompression%2C16.0.0%2CN%3Bfileman%2C18.5.400%2CN%3Bform%2C18.0.0%2CN%3Bforum%2C18.0.5%2CN%3Bhighloadblock%2C18.5.100%2CN%3Biblock%2C18.6.400%2CN%3Blanding%2C18.6.75%2CN%3Bmessageservice%2C18.0.3%2CN%3Bmobileapp%2C18.5.100%2CN%3Bperfmon%2C18.5.0%2CN%3Bphotogallery%2C18.0.0%2CN%3Brest%2C18.5.7%2CN%3Bscale%2C17.5.0%2CN%3Bsearch%2C18.5.200%2CN%3Bsecurity%2C18.5.1%2CN%3Bseo%2C18.6.100%2CN%3Bsocialservices%2C18.5.100%2CN%3Bsubscribe%2C18.5.0%2CN%3Btranslate%2C18.0.0%2CN%3Bui%2C18.5.150%2CN%3Bvote%2C17.5.1%2CN&reqm=bitrix.sitecorporate%2Cbitrix.siteinfoportal%2Cbitrix.sitepersonal&fullmoduleinfo=Y&SUPD_SRS=RU&SUPD_CMP=N
2019-07-26 16:33:52 -  - exec CUpdateClientPartner::GetHTTPPage
2019-07-26 16:33:53 -  - TIME GetUpdatesList(request) 0.229 sec
2019-07-26 16:33:53 -  - exec CUpdateClientPartner::ParseServerData
2019-07-26 16:47:30 -  - exec CUpdateClientPartner::GetUpdatesList
2019-07-26 16:47:30 -  - exec CUpdateClientPartner::__CollectRequestData
2019-07-26 16:47:30 -  - utf=Y&lang=ru&stable=Y&CANGZIP=Y&SUPD_DBS=MYSQL&XE=N&CLIENT_SITE=192.168.1.183&LICENSE_KEY=X&SUPD_STS=1&SUPD_URS=0&SUPD_URSA=3&TYPENC=D&CLIENT_PHPVER=7.1.30&NGINX=Y&dbv=5.7.26&instm=main%2C18.5.180%2CY%3Bb24connector%2C18.5.0%2CN%3Bbitrix.sitecorporate%2C15.5.0%2CN%3Bbitrix.siteinfoportal%2C15.5.0%2CN%3Bbitrix.sitepersonal%2C15.5.0%2CN%3Bbitrixcloud%2C18.5.0%2CN%3Bblog%2C18.1.0%2CN%3Bclouds%2C18.0.0%2CN%3Bcompression%2C16.0.0%2CN%3Bfileman%2C18.5.400%2CN%3Bform%2C18.0.0%2CN%3Bforum%2C18.0.5%2CN%3Bhighloadblock%2C18.5.100%2CN%3Biblock%2C18.6.400%2CN%3Blanding%2C18.6.75%2CN%3Bmessageservice%2C18.0.3%2CN%3Bmobileapp%2C18.5.100%2CN%3Bperfmon%2C18.5.0%2CN%3Bphotogallery%2C18.0.0%2CN%3Brest%2C18.5.7%2CN%3Bscale%2C17.5.0%2CN%3Bsearch%2C18.5.200%2CN%3Bsecurity%2C18.5.1%2CN%3Bseo%2C18.6.100%2CN%3Bsocialservices%2C18.5.100%2CN%3Bsubscribe%2C18.5.0%2CN%3Btranslate%2C18.0.0%2CN%3Bui%2C18.5.150%2CN%3Bvote%2C17.5.1%2CN&reqm=bitrix.sitecorporate%2Cbitrix.siteinfoportal%2Cbitrix.sitepersonal&fullmoduleinfo=Y&SUPD_SRS=RU&SUPD_CMP=N
2019-07-26 16:47:30 -  - exec CUpdateClientPartner::GetHTTPPage
2019-07-26 16:47:31 -  - TIME GetUpdatesList(request) 0.408 sec
2019-07-26 16:47:31 -  - exec CUpdateClientPartner::ParseServerData
2019-07-26 16:47:35 -  - exec CUpdateClientPartner::GetUpdatesList
2019-07-26 16:47:35 -  - exec CUpdateClientPartner::__CollectRequestData
2019-07-26 16:47:35 -  - utf=Y&lang=ru&stable=Y&CANGZIP=Y&SUPD_DBS=MYSQL&XE=N&CLIENT_SITE=192.168.1.183&LICENSE_KEY=X&SUPD_STS=1&SUPD_URS=0&SUPD_URSA=3&TYPENC=D&CLIENT_PHPVER=7.1.30&NGINX=Y&dbv=5.7.26&instm=main%2C18.5.180%2CY%3Bb24connector%2C18.5.0%2CN%3Bbitrix.sitecorporate%2C15.5.0%2CN%3Bbitrix.siteinfoportal%2C15.5.0%2CN%3Bbitrix.sitepersonal%2C15.5.0%2CN%3Bbitrixcloud%2C18.5.0%2CN%3Bblog%2C18.1.0%2CN%3Bclouds%2C18.0.0%2CN%3Bcompression%2C16.0.0%2CN%3Bfileman%2C18.5.400%2CN%3Bform%2C18.0.0%2CN%3Bforum%2C18.0.5%2CN%3Bhighloadblock%2C18.5.100%2CN%3Biblock%2C18.6.400%2CN%3Blanding%2C18.6.75%2CN%3Bmessageservice%2C18.0.3%2CN%3Bmobileapp%2C18.5.100%2CN%3Bperfmon%2C18.5.0%2CN%3Bphotogallery%2C18.0.0%2CN%3Brest%2C18.5.7%2CN%3Bscale%2C17.5.0%2CN%3Bsearch%2C18.5.200%2CN%3Bsecurity%2C18.5.1%2CN%3Bseo%2C18.6.100%2CN%3Bsocialservices%2C18.5.100%2CN%3Bsubscribe%2C18.5.0%2CN%3Btranslate%2C18.0.0%2CN%3Bui%2C18.5.150%2CN%3Bvote%2C17.5.1%2CN&reqm=bitrix.sitecorporate%2Cbitrix.siteinfoportal%2Cbitrix.sitepersonal&fullmoduleinfo=Y&SUPD_SRS=RU&SUPD_CMP=N
2019-07-26 16:47:35 -  - exec CUpdateClientPartner::GetHTTPPage
2019-07-26 16:47:35 -  - TIME GetUpdatesList(request) 0.199 sec
2019-07-26 16:47:35 -  - exec CUpdateClientPartner::ParseServerData
2019-07-26 16:47:35 -  - exec CUpdateClientPartner::GetUpdatesList
2019-07-26 16:47:35 -  - exec CUpdateClientPartner::__CollectRequestData
2019-07-26 16:47:35 -  - utf=Y&lang=ru&stable=Y&CANGZIP=Y&SUPD_DBS=MYSQL&XE=N&CLIENT_SITE=192.168.1.183&LICENSE_KEY=X&SUPD_STS=1&SUPD_URS=0&SUPD_URSA=3&TYPENC=D&CLIENT_PHPVER=7.1.30&NGINX=Y&dbv=5.7.26&instm=main%2C18.5.180%2CY%3Bb24connector%2C18.5.0%2CN%3Bbitrix.sitecorporate%2C15.5.0%2CN%3Bbitrix.siteinfoportal%2C15.5.0%2CN%3Bbitrix.sitepersonal%2C15.5.0%2CN%3Bbitrixcloud%2C18.5.0%2CN%3Bblog%2C18.1.0%2CN%3Bclouds%2C18.0.0%2CN%3Bcompression%2C16.0.0%2CN%3Bfileman%2C18.5.400%2CN%3Bform%2C18.0.0%2CN%3Bforum%2C18.0.5%2CN%3Bhighloadblock%2C18.5.100%2CN%3Biblock%2C18.6.400%2CN%3Blanding%2C18.6.75%2CN%3Bmessageservice%2C18.0.3%2CN%3Bmobileapp%2C18.5.100%2CN%3Bperfmon%2C18.5.0%2CN%3Bphotogallery%2C18.0.0%2CN%3Brest%2C18.5.7%2CN%3Bscale%2C17.5.0%2CN%3Bsearch%2C18.5.200%2CN%3Bsecurity%2C18.5.1%2CN%3Bseo%2C18.6.100%2CN%3Bsocialservices%2C18.5.100%2CN%3Bsubscribe%2C18.5.0%2CN%3Btranslate%2C18.0.0%2CN%3Bui%2C18.5.150%2CN%3Bvote%2C17.5.1%2CN&reqm=bitrix.sitecorporate%2Cbitrix.siteinfoportal%2Cbitrix.sitepersonal&fullmoduleinfo=Y&SUPD_SRS=RU&SUPD_CMP=N
2019-07-26 16:47:35 -  - exec CUpdateClientPartner::GetHTTPPage
2019-07-26 16:47:35 -  - TIME GetUpdatesList(request) 0.194 sec
2019-07-26 16:47:35 -  - exec CUpdateClientPartner::ParseServerData
2019-07-26 16:47:40 -  - exec CUpdateClientPartner::GetUpdatesList
2019-07-26 16:47:40 -  - exec CUpdateClientPartner::__CollectRequestData
2019-07-26 16:47:40 -  - utf=Y&lang=ru&stable=Y&CANGZIP=Y&SUPD_DBS=MYSQL&XE=N&CLIENT_SITE=192.168.1.183&LICENSE_KEY=X&SUPD_STS=1&SUPD_URS=0&SUPD_URSA=3&TYPENC=D&CLIENT_PHPVER=7.1.30&NGINX=Y&dbv=5.7.26&instm=main%2C18.5.180%2CY%3Bb24connector%2C18.5.0%2CN%3Bbitrix.sitecorporate%2C15.5.0%2CN%3Bbitrix.siteinfoportal%2C15.5.0%2CN%3Bbitrix.sitepersonal%2C15.5.0%2CN%3Bbitrixcloud%2C18.5.0%2CN%3Bblog%2C18.1.0%2CN%3Bclouds%2C18.0.0%2CN%3Bcompression%2C16.0.0%2CN%3Bfileman%2C18.5.400%2CN%3Bform%2C18.0.0%2CN%3Bforum%2C18.0.5%2CN%3Bhighloadblock%2C18.5.100%2CN%3Biblock%2C18.6.400%2CN%3Blanding%2C18.6.75%2CN%3Bmessageservice%2C18.0.3%2CN%3Bmobileapp%2C18.5.100%2CN%3Bperfmon%2C18.5.0%2CN%3Bphotogallery%2C18.0.0%2CN%3Brest%2C18.5.7%2CN%3Bscale%2C17.5.0%2CN%3Bsearch%2C18.5.200%2CN%3Bsecurity%2C18.5.1%2CN%3Bseo%2C18.6.100%2CN%3Bsocialservices%2C18.5.100%2CN%3Bsubscribe%2C18.5.0%2CN%3Btranslate%2C18.0.0%2CN%3Bui%2C18.5.150%2CN%3Bvote%2C17.5.1%2CN&reqm=bitrix.sitecorporate%2Cbitrix.siteinfoportal%2Cbitrix.sitepersonal&fullmoduleinfo=Y&SUPD_SRS=RU&SUPD_CMP=N
2019-07-26 16:47:40 -  - exec CUpdateClientPartner::GetHTTPPage
2019-07-26 16:47:40 -  - TIME GetUpdatesList(request) 0.189 sec
2019-07-26 16:47:40 -  - exec CUpdateClientPartner::ParseServerData
2019-07-26 17:02:46 -  - exec CUpdateClientPartner::GetUpdatesList
2019-07-26 17:02:46 -  - exec CUpdateClientPartner::__CollectRequestData
2019-07-26 17:02:46 -  - utf=Y&lang=ru&stable=Y&CANGZIP=Y&SUPD_DBS=MYSQL&XE=N&CLIENT_SITE=192.168.1.183&LICENSE_KEY=X&SUPD_STS=1&SUPD_URS=0&SUPD_URSA=3&TYPENC=D&CLIENT_PHPVER=7.1.30&NGINX=Y&dbv=5.7.26&instm=main%2C18.5.180%2CY%3Bb24connector%2C18.5.0%2CN%3Bbitrix.sitecorporate%2C15.5.0%2CN%3Bbitrix.siteinfoportal%2C15.5.0%2CN%3Bbitrix.sitepersonal%2C15.5.0%2CN%3Bbitrixcloud%2C18.5.0%2CN%3Bblog%2C18.1.0%2CN%3Bclouds%2C18.0.0%2CN%3Bcompression%2C16.0.0%2CN%3Bfileman%2C18.5.400%2CN%3Bform%2C18.0.0%2CN%3Bforum%2C18.0.5%2CN%3Bhighloadblock%2C18.5.100%2CN%3Biblock%2C18.6.400%2CN%3Blanding%2C18.6.75%2CN%3Bmessageservice%2C18.0.3%2CN%3Bmobileapp%2C18.5.100%2CN%3Bperfmon%2C18.5.0%2CN%3Bphotogallery%2C18.0.0%2CN%3Brest%2C18.5.7%2CN%3Bscale%2C17.5.0%2CN%3Bsearch%2C18.5.200%2CN%3Bsecurity%2C18.5.1%2CN%3Bseo%2C18.6.100%2CN%3Bsocialservices%2C18.5.100%2CN%3Bsubscribe%2C18.5.0%2CN%3Btranslate%2C18.0.0%2CN%3Bui%2C18.5.150%2CN%3Bvote%2C17.5.1%2CN&reqm=bitrix.sitecorporate%2Cbitrix.siteinfoportal%2Cbitrix.sitepersonal&fullmoduleinfo=Y&SUPD_SRS=RU&SUPD_CMP=N
2019-07-26 17:02:46 -  - exec CUpdateClientPartner::GetHTTPPage
2019-07-26 17:02:47 -  - TIME GetUpdatesList(request) 0.261 sec
2019-07-26 17:02:47 -  - exec CUpdateClientPartner::ParseServerData
2019-07-26 17:24:54 -  - exec CUpdateClientPartner::GetUpdatesList
2019-07-26 17:24:54 -  - exec CUpdateClientPartner::__CollectRequestData
2019-07-26 17:24:54 -  - utf=Y&lang=ru&stable=Y&CANGZIP=Y&SUPD_DBS=MYSQL&XE=N&CLIENT_SITE=192.168.1.183&LICENSE_KEY=X&SUPD_STS=1&SUPD_URS=0&SUPD_URSA=3&TYPENC=D&CLIENT_PHPVER=7.1.30&NGINX=Y&dbv=5.7.26&instm=main%2C18.5.180%2CY%3Bb24connector%2C18.5.0%2CN%3Bbitrix.sitecorporate%2C15.5.0%2CN%3Bbitrix.siteinfoportal%2C15.5.0%2CN%3Bbitrix.sitepersonal%2C15.5.0%2CN%3Bbitrixcloud%2C18.5.0%2CN%3Bblog%2C18.1.0%2CN%3Bclouds%2C18.0.0%2CN%3Bcompression%2C16.0.0%2CN%3Bfileman%2C18.5.400%2CN%3Bform%2C18.0.0%2CN%3Bforum%2C18.0.5%2CN%3Bhighloadblock%2C18.5.100%2CN%3Biblock%2C18.6.400%2CN%3Blanding%2C18.6.75%2CN%3Bmessageservice%2C18.0.3%2CN%3Bmobileapp%2C18.5.100%2CN%3Bperfmon%2C18.5.0%2CN%3Bphotogallery%2C18.0.0%2CN%3Brest%2C18.5.7%2CN%3Bscale%2C17.5.0%2CN%3Bsearch%2C18.5.200%2CN%3Bsecurity%2C18.5.1%2CN%3Bseo%2C18.6.100%2CN%3Bsocialservices%2C18.5.100%2CN%3Bsubscribe%2C18.5.0%2CN%3Btranslate%2C18.0.0%2CN%3Bui%2C18.5.150%2CN%3Bvote%2C17.5.1%2CN&reqm=bitrix.sitecorporate%2Cbitrix.siteinfoportal%2Cbitrix.sitepersonal&fullmoduleinfo=Y&SUPD_SRS=RU&SUPD_CMP=N
2019-07-26 17:24:54 -  - exec CUpdateClientPartner::GetHTTPPage
2019-07-26 17:24:54 -  - TIME GetUpdatesList(request) 0.26 sec
2019-07-26 17:24:54 -  - exec CUpdateClientPartner::ParseServerData
2019-07-26 17:25:11 -  - exec CUpdateClientPartner::GetUpdatesList
2019-07-26 17:25:11 -  - exec CUpdateClientPartner::__CollectRequestData
2019-07-26 17:25:11 -  - utf=Y&lang=ru&stable=Y&CANGZIP=Y&SUPD_DBS=MYSQL&XE=N&CLIENT_SITE=192.168.1.183&LICENSE_KEY=X&SUPD_STS=1&SUPD_URS=0&SUPD_URSA=3&TYPENC=D&CLIENT_PHPVER=7.1.30&NGINX=Y&dbv=5.7.26&instm=main%2C18.5.180%2CY%3Bb24connector%2C18.5.0%2CN%3Bbitrix.sitecorporate%2C15.5.0%2CN%3Bbitrix.siteinfoportal%2C15.5.0%2CN%3Bbitrix.sitepersonal%2C15.5.0%2CN%3Bbitrixcloud%2C18.5.0%2CN%3Bblog%2C18.1.0%2CN%3Bclouds%2C18.0.0%2CN%3Bcompression%2C16.0.0%2CN%3Bfileman%2C18.5.400%2CN%3Bform%2C18.0.0%2CN%3Bforum%2C18.0.5%2CN%3Bhighloadblock%2C18.5.100%2CN%3Biblock%2C18.6.400%2CN%3Blanding%2C18.6.75%2CN%3Bmessageservice%2C18.0.3%2CN%3Bmobileapp%2C18.5.100%2CN%3Bperfmon%2C18.5.0%2CN%3Bphotogallery%2C18.0.0%2CN%3Brest%2C18.5.7%2CN%3Bscale%2C17.5.0%2CN%3Bsearch%2C18.5.200%2CN%3Bsecurity%2C18.5.1%2CN%3Bseo%2C18.6.100%2CN%3Bsocialservices%2C18.5.100%2CN%3Bsubscribe%2C18.5.0%2CN%3Btranslate%2C18.0.0%2CN%3Bui%2C18.5.150%2CN%3Bvote%2C17.5.1%2CN&reqm=bitrix.sitecorporate%2Cbitrix.siteinfoportal%2Cbitrix.sitepersonal&fullmoduleinfo=Y&SUPD_SRS=RU&SUPD_CMP=N
2019-07-26 17:25:11 -  - exec CUpdateClientPartner::GetHTTPPage
2019-07-26 17:25:11 -  - TIME GetUpdatesList(request) 0.201 sec
2019-07-26 17:25:11 -  - exec CUpdateClientPartner::ParseServerData
2019-07-26 17:27:08 -  - exec CUpdateClientPartner::GetUpdatesList
2019-07-26 17:27:08 -  - exec CUpdateClientPartner::__CollectRequestData
2019-07-26 17:27:08 -  - utf=Y&lang=ru&stable=Y&CANGZIP=Y&SUPD_DBS=MYSQL&XE=N&CLIENT_SITE=192.168.1.183&LICENSE_KEY=X&SUPD_STS=1&SUPD_URS=0&SUPD_URSA=3&TYPENC=D&CLIENT_PHPVER=7.1.30&NGINX=Y&dbv=5.7.26&instm=main%2C18.5.180%2CY%3Bb24connector%2C18.5.0%2CN%3Bbitrix.sitecorporate%2C15.5.0%2CN%3Bbitrix.siteinfoportal%2C15.5.0%2CN%3Bbitrix.sitepersonal%2C15.5.0%2CN%3Bbitrixcloud%2C18.5.0%2CN%3Bblog%2C18.1.0%2CN%3Bclouds%2C18.0.0%2CN%3Bcompression%2C16.0.0%2CN%3Bfileman%2C18.5.400%2CN%3Bform%2C18.0.0%2CN%3Bforum%2C18.0.5%2CN%3Bhighloadblock%2C18.5.100%2CN%3Biblock%2C18.6.400%2CN%3Blanding%2C18.6.75%2CN%3Bmessageservice%2C18.0.3%2CN%3Bmobileapp%2C18.5.100%2CN%3Bperfmon%2C18.5.0%2CN%3Bphotogallery%2C18.0.0%2CN%3Brest%2C18.5.7%2CN%3Bscale%2C17.5.0%2CN%3Bsearch%2C18.5.200%2CN%3Bsecurity%2C18.5.1%2CN%3Bseo%2C18.6.100%2CN%3Bsocialservices%2C18.5.100%2CN%3Bsubscribe%2C18.5.0%2CN%3Btranslate%2C18.0.0%2CN%3Bui%2C18.5.150%2CN%3Bvote%2C17.5.1%2CN&reqm=bitrix.sitecorporate%2Cbitrix.siteinfoportal%2Cbitrix.sitepersonal&fullmoduleinfo=Y&SUPD_SRS=RU&SUPD_CMP=N
2019-07-26 17:27:08 -  - exec CUpdateClientPartner::GetHTTPPage
2019-07-26 17:27:10 -  - TIME GetUpdatesList(request) 1.281 sec
2019-07-26 17:27:10 -  - exec CUpdateClientPartner::ParseServerData
2019-07-26 17:28:30 -  - exec CUpdateClientPartner::GetUpdatesList
2019-07-26 17:28:30 -  - exec CUpdateClientPartner::__CollectRequestData
2019-07-26 17:28:30 -  - utf=Y&lang=ru&stable=Y&CANGZIP=Y&SUPD_DBS=MYSQL&XE=N&CLIENT_SITE=192.168.1.183&LICENSE_KEY=X&SUPD_STS=1&SUPD_URS=0&SUPD_URSA=3&TYPENC=D&CLIENT_PHPVER=7.1.30&NGINX=Y&dbv=5.7.26&instm=main%2C18.5.180%2CY%3Bb24connector%2C18.5.0%2CN%3Bbitrix.sitecorporate%2C15.5.0%2CN%3Bbitrix.siteinfoportal%2C15.5.0%2CN%3Bbitrix.sitepersonal%2C15.5.0%2CN%3Bbitrixcloud%2C18.5.0%2CN%3Bblog%2C18.1.0%2CN%3Bclouds%2C18.0.0%2CN%3Bcompression%2C16.0.0%2CN%3Bfileman%2C18.5.400%2CN%3Bform%2C18.0.0%2CN%3Bforum%2C18.0.5%2CN%3Bhighloadblock%2C18.5.100%2CN%3Biblock%2C18.6.400%2CN%3Blanding%2C18.6.75%2CN%3Bmessageservice%2C18.0.3%2CN%3Bmobileapp%2C18.5.100%2CN%3Bperfmon%2C18.5.0%2CN%3Bphotogallery%2C18.0.0%2CN%3Brest%2C18.5.7%2CN%3Bscale%2C17.5.0%2CN%3Bsearch%2C18.5.200%2CN%3Bsecurity%2C18.5.1%2CN%3Bseo%2C18.6.100%2CN%3Bsocialservices%2C18.5.100%2CN%3Bsubscribe%2C18.5.0%2CN%3Btranslate%2C18.0.0%2CN%3Bui%2C18.5.150%2CN%3Bvote%2C17.5.1%2CN&reqm=bitrix.sitecorporate%2Cbitrix.siteinfoportal%2Cbitrix.sitepersonal&fullmoduleinfo=Y&SUPD_SRS=RU&SUPD_CMP=N
2019-07-26 17:28:30 -  - exec CUpdateClientPartner::GetHTTPPage
2019-07-26 17:28:31 -  - TIME GetUpdatesList(request) 0.27 sec
2019-07-26 17:28:31 -  - exec CUpdateClientPartner::ParseServerData
2019-07-26 17:54:02 -  - exec CUpdateClientPartner::GetUpdatesList
2019-07-26 17:54:02 -  - exec CUpdateClientPartner::__CollectRequestData
2019-07-26 17:54:02 -  - utf=Y&lang=ru&stable=Y&CANGZIP=Y&SUPD_DBS=MYSQL&XE=N&CLIENT_SITE=192.168.1.183&LICENSE_KEY=X&SUPD_STS=1&SUPD_URS=0&SUPD_URSA=3&TYPENC=D&CLIENT_PHPVER=7.1.30&NGINX=Y&dbv=5.7.26&instm=main%2C18.5.180%2CY%3Bb24connector%2C18.5.0%2CN%3Bbitrix.sitecorporate%2C15.5.0%2CN%3Bbitrix.siteinfoportal%2C15.5.0%2CN%3Bbitrix.sitepersonal%2C15.5.0%2CN%3Bbitrixcloud%2C18.5.0%2CN%3Bblog%2C18.1.0%2CN%3Bclouds%2C18.0.0%2CN%3Bcompression%2C16.0.0%2CN%3Bfileman%2C18.5.400%2CN%3Bform%2C18.0.0%2CN%3Bforum%2C18.0.5%2CN%3Bhighloadblock%2C18.5.100%2CN%3Biblock%2C18.6.400%2CN%3Blanding%2C18.6.75%2CN%3Bmessageservice%2C18.0.3%2CN%3Bmobileapp%2C18.5.100%2CN%3Bperfmon%2C18.5.0%2CN%3Bphotogallery%2C18.0.0%2CN%3Brest%2C18.5.7%2CN%3Bscale%2C17.5.0%2CN%3Bsearch%2C18.5.200%2CN%3Bsecurity%2C18.5.1%2CN%3Bseo%2C18.6.100%2CN%3Bsocialservices%2C18.5.100%2CN%3Bsubscribe%2C18.5.0%2CN%3Btranslate%2C18.0.0%2CN%3Bui%2C18.5.150%2CN%3Bvote%2C17.5.1%2CN&reqm=bitrix.sitecorporate%2Cbitrix.siteinfoportal%2Cbitrix.sitepersonal&fullmoduleinfo=Y&SUPD_SRS=RU&SUPD_CMP=N
2019-07-26 17:54:02 -  - exec CUpdateClientPartner::GetHTTPPage
2019-07-26 17:54:02 -  - TIME GetUpdatesList(request) 0.285 sec
2019-07-26 17:54:02 -  - exec CUpdateClientPartner::ParseServerData
2019-07-26 17:59:47 -  - exec CUpdateClientPartner::GetUpdatesList
2019-07-26 17:59:47 -  - exec CUpdateClientPartner::__CollectRequestData
2019-07-26 17:59:47 -  - utf=Y&lang=ru&stable=Y&CANGZIP=Y&SUPD_DBS=MYSQL&XE=N&CLIENT_SITE=192.168.1.183&LICENSE_KEY=X&SUPD_STS=1&SUPD_URS=0&SUPD_URSA=3&TYPENC=D&CLIENT_PHPVER=7.1.30&NGINX=Y&dbv=5.7.26&instm=main%2C18.5.180%2CY%3Bb24connector%2C18.5.0%2CN%3Bbitrix.sitecorporate%2C15.5.0%2CN%3Bbitrix.siteinfoportal%2C15.5.0%2CN%3Bbitrix.sitepersonal%2C15.5.0%2CN%3Bbitrixcloud%2C18.5.0%2CN%3Bblog%2C18.1.0%2CN%3Bclouds%2C18.0.0%2CN%3Bcompression%2C16.0.0%2CN%3Bfileman%2C18.5.400%2CN%3Bform%2C18.0.0%2CN%3Bforum%2C18.0.5%2CN%3Bhighloadblock%2C18.5.100%2CN%3Biblock%2C18.6.400%2CN%3Blanding%2C18.6.75%2CN%3Bmessageservice%2C18.0.3%2CN%3Bmobileapp%2C18.5.100%2CN%3Bperfmon%2C18.5.0%2CN%3Bphotogallery%2C18.0.0%2CN%3Brest%2C18.5.7%2CN%3Bscale%2C17.5.0%2CN%3Bsearch%2C18.5.200%2CN%3Bsecurity%2C18.5.1%2CN%3Bseo%2C18.6.100%2CN%3Bsocialservices%2C18.5.100%2CN%3Bsubscribe%2C18.5.0%2CN%3Btranslate%2C18.0.0%2CN%3Bui%2C18.5.150%2CN%3Bvote%2C17.5.1%2CN&reqm=bitrix.sitecorporate%2Cbitrix.siteinfoportal%2Cbitrix.sitepersonal&fullmoduleinfo=Y&SUPD_SRS=RU&SUPD_CMP=N
2019-07-26 17:59:47 -  - exec CUpdateClientPartner::GetHTTPPage
2019-07-26 17:59:52 -  - TIME GetUpdatesList(request) 5.266 sec
2019-07-26 17:59:52 -  - exec CUpdateClientPartner::ParseServerData
2019-07-26 18:00:59 -  - exec CUpdateClientPartner::GetUpdatesList
2019-07-26 18:00:59 -  - exec CUpdateClientPartner::__CollectRequestData
2019-07-26 18:00:59 -  - utf=Y&lang=ru&stable=Y&CANGZIP=Y&SUPD_DBS=MYSQL&XE=N&CLIENT_SITE=192.168.1.183&LICENSE_KEY=X&SUPD_STS=1&SUPD_URS=0&SUPD_URSA=3&TYPENC=D&CLIENT_PHPVER=7.1.30&NGINX=Y&dbv=5.7.26&instm=main%2C18.5.180%2CY%3Bb24connector%2C18.5.0%2CN%3Bbitrix.sitecorporate%2C15.5.0%2CN%3Bbitrix.siteinfoportal%2C15.5.0%2CN%3Bbitrix.sitepersonal%2C15.5.0%2CN%3Bbitrixcloud%2C18.5.0%2CN%3Bblog%2C18.1.0%2CN%3Bclouds%2C18.0.0%2CN%3Bcompression%2C16.0.0%2CN%3Bfileman%2C18.5.400%2CN%3Bform%2C18.0.0%2CN%3Bforum%2C18.0.5%2CN%3Bhighloadblock%2C18.5.100%2CN%3Biblock%2C18.6.400%2CN%3Blanding%2C18.6.75%2CN%3Bmessageservice%2C18.0.3%2CN%3Bmobileapp%2C18.5.100%2CN%3Bperfmon%2C18.5.0%2CN%3Bphotogallery%2C18.0.0%2CN%3Brest%2C18.5.7%2CN%3Bscale%2C17.5.0%2CN%3Bsearch%2C18.5.200%2CN%3Bsecurity%2C18.5.1%2CN%3Bseo%2C18.6.100%2CN%3Bsocialservices%2C18.5.100%2CN%3Bsubscribe%2C18.5.0%2CN%3Btranslate%2C18.0.0%2CN%3Bui%2C18.5.150%2CN%3Bvote%2C17.5.1%2CN&reqm=bitrix.sitecorporate%2Cbitrix.siteinfoportal%2Cbitrix.sitepersonal&fullmoduleinfo=Y&SUPD_SRS=RU&SUPD_CMP=N
2019-07-26 18:00:59 -  - exec CUpdateClientPartner::GetHTTPPage
2019-07-26 18:00:59 -  - TIME GetUpdatesList(request) 0.255 sec
2019-07-26 18:00:59 -  - exec CUpdateClientPartner::ParseServerData
2019-07-26 18:04:10 -  - exec CUpdateClientPartner::GetUpdatesList
2019-07-26 18:04:10 -  - exec CUpdateClientPartner::__CollectRequestData
2019-07-26 18:04:10 -  - utf=Y&lang=ru&stable=Y&CANGZIP=Y&SUPD_DBS=MYSQL&XE=N&CLIENT_SITE=192.168.1.183&LICENSE_KEY=X&SUPD_STS=1&SUPD_URS=0&SUPD_URSA=3&TYPENC=D&CLIENT_PHPVER=7.1.30&NGINX=Y&dbv=5.7.26&instm=main%2C18.5.180%2CY%3Bb24connector%2C18.5.0%2CN%3Bbitrix.sitecorporate%2C15.5.0%2CN%3Bbitrix.siteinfoportal%2C15.5.0%2CN%3Bbitrix.sitepersonal%2C15.5.0%2CN%3Bbitrixcloud%2C18.5.0%2CN%3Bblog%2C18.1.0%2CN%3Bclouds%2C18.0.0%2CN%3Bcompression%2C16.0.0%2CN%3Bfileman%2C18.5.400%2CN%3Bform%2C18.0.0%2CN%3Bforum%2C18.0.5%2CN%3Bhighloadblock%2C18.5.100%2CN%3Biblock%2C18.6.400%2CN%3Blanding%2C18.6.75%2CN%3Bmessageservice%2C18.0.3%2CN%3Bmobileapp%2C18.5.100%2CN%3Bperfmon%2C18.5.0%2CN%3Bphotogallery%2C18.0.0%2CN%3Brest%2C18.5.7%2CN%3Bscale%2C17.5.0%2CN%3Bsearch%2C18.5.200%2CN%3Bsecurity%2C18.5.1%2CN%3Bseo%2C18.6.100%2CN%3Bsocialservices%2C18.5.100%2CN%3Bsubscribe%2C18.5.0%2CN%3Btranslate%2C18.0.0%2CN%3Bui%2C18.5.150%2CN%3Bvote%2C17.5.1%2CN&reqm=bitrix.sitecorporate%2Cbitrix.siteinfoportal%2Cbitrix.sitepersonal&fullmoduleinfo=Y&SUPD_SRS=RU&SUPD_CMP=N
2019-07-26 18:04:10 -  - exec CUpdateClientPartner::GetHTTPPage
2019-07-26 18:04:10 -  - TIME GetUpdatesList(request) 0.29 sec
2019-07-26 18:04:10 -  - exec CUpdateClientPartner::ParseServerData
2019-07-26 18:18:25 -  - exec CUpdateClientPartner::GetUpdatesList
2019-07-26 18:18:25 -  - exec CUpdateClientPartner::__CollectRequestData
2019-07-26 18:18:25 -  - utf=Y&lang=ru&stable=Y&CANGZIP=Y&SUPD_DBS=MYSQL&XE=N&CLIENT_SITE=192.168.1.183&LICENSE_KEY=X&SUPD_STS=1&SUPD_URS=0&SUPD_URSA=3&TYPENC=D&CLIENT_PHPVER=7.1.30&NGINX=Y&dbv=5.7.26&instm=main%2C18.5.180%2CY%3Bb24connector%2C18.5.0%2CN%3Bbitrix.sitecorporate%2C15.5.0%2CN%3Bbitrix.siteinfoportal%2C15.5.0%2CN%3Bbitrix.sitepersonal%2C15.5.0%2CN%3Bbitrixcloud%2C18.5.0%2CN%3Bblog%2C18.1.0%2CN%3Bclouds%2C18.0.0%2CN%3Bcompression%2C16.0.0%2CN%3Bfileman%2C18.5.400%2CN%3Bform%2C18.0.0%2CN%3Bforum%2C18.0.5%2CN%3Bhighloadblock%2C18.5.100%2CN%3Biblock%2C18.6.400%2CN%3Blanding%2C18.6.75%2CN%3Bmessageservice%2C18.0.3%2CN%3Bmobileapp%2C18.5.100%2CN%3Bperfmon%2C18.5.0%2CN%3Bphotogallery%2C18.0.0%2CN%3Brest%2C18.5.7%2CN%3Bscale%2C17.5.0%2CN%3Bsearch%2C18.5.200%2CN%3Bsecurity%2C18.5.1%2CN%3Bseo%2C18.6.100%2CN%3Bsocialservices%2C18.5.100%2CN%3Bsubscribe%2C18.5.0%2CN%3Btranslate%2C18.0.0%2CN%3Bui%2C18.5.150%2CN%3Bvote%2C17.5.1%2CN&reqm=bitrix.sitecorporate%2Cbitrix.siteinfoportal%2Cbitrix.sitepersonal&fullmoduleinfo=Y&SUPD_SRS=RU&SUPD_CMP=N
2019-07-26 18:18:25 -  - exec CUpdateClientPartner::GetHTTPPage
2019-07-26 18:18:26 -  - TIME GetUpdatesList(request) 0.256 sec
2019-07-26 18:18:26 -  - exec CUpdateClientPartner::ParseServerData
